============================= test session starts ==============================
platform darwin -- Python 3.13.7, pytest-9.0.2, pluggy-1.6.0 -- /Users/onronder/axial/.venv/bin/python
cachedir: .pytest_cache
rootdir: /Users/onronder/axial/backend
configfile: pytest.ini
plugins: anyio-4.12.1, asyncio-1.3.0, langsmith-0.6.1, cov-7.0.0
asyncio: mode=Mode.AUTO, debug=False, asyncio_default_fixture_loop_scope=None, asyncio_default_test_loop_scope=function
collecting ... collected 1871 items / 2 skipped

backend/tests/integration/test_dlq_retry.py::TestDLQLogging::test_log_failed_task_creates_record PASSED [  0%]
backend/tests/integration/test_dlq_retry.py::TestDLQLogging::test_retry_schedule_calculation PASSED [  0%]
backend/tests/integration/test_dlq_retry.py::TestDLQLogging::test_max_retries_exceeded PASSED [  0%]
backend/tests/integration/test_dlq_retry.py::TestDLQRetry::test_retry_pending_tasks PASSED [  0%]
backend/tests/integration/test_dlq_retry.py::TestDLQRetry::test_optimistic_locking_prevents_double_retry PASSED [  0%]
backend/tests/integration/test_dlq_retry.py::TestDLQRetry::test_retry_with_email_notification PASSED [  0%]
backend/tests/integration/test_dlq_retry.py::TestDLQEmailNotifications::test_retry_scheduled_email PASSED [  0%]
backend/tests/integration/test_dlq_retry.py::TestDLQEmailNotifications::test_retry_succeeded_email PASSED [  0%]
backend/tests/integration/test_dlq_retry.py::TestDLQEmailNotifications::test_permanently_failed_email PASSED [  0%]
backend/tests/integration/test_dlq_retry.py::TestDLQMetrics::test_dlq_metrics_recorded PASSED [  0%]
backend/tests/integration/test_dlq_retry.py::TestDLQMetrics::test_dlq_task_gauge PASSED [  0%]
backend/tests/integration/test_periodic_tasks.py::TestScheduledTasks::test_check_scheduled_crawls_executes PASSED [  0%]
backend/tests/integration/test_periodic_tasks.py::TestScheduledTasks::test_cleanup_old_jobs_executes PASSED [  0%]
backend/tests/integration/test_periodic_tasks.py::TestScheduledTasks::test_retry_failed_tasks_scheduled PASSED [  0%]
backend/tests/integration/test_periodic_tasks.py::TestScheduledTasks::test_update_memory_metrics_scheduled PASSED [  0%]
backend/tests/integration/test_periodic_tasks.py::TestScheduledTasks::test_cleanup_old_file_status_scheduled PASSED [  0%]
backend/tests/integration/test_periodic_tasks.py::TestScheduledTasks::test_cleanup_old_audit_logs_scheduled PASSED [  0%]
backend/tests/integration/test_periodic_tasks.py::TestCleanupTasks::test_file_status_cleanup_deletes_old_records PASSED [  0%]
backend/tests/integration/test_periodic_tasks.py::TestCleanupTasks::test_audit_log_cleanup_respects_retention PASSED [  1%]
backend/tests/integration/test_periodic_tasks.py::TestCleanupTasks::test_job_cleanup_preserves_recent PASSED [  1%]
backend/tests/integration/test_periodic_tasks.py::TestMemoryMetrics::test_memory_metrics_recorded PASSED [  1%]
backend/tests/integration/test_periodic_tasks.py::TestMemoryMetrics::test_worker_metrics_updated PASSED [  1%]
backend/tests/integration/test_periodic_tasks.py::TestTaskResilience::test_task_autoretry_on_connection_error PASSED [  1%]
backend/tests/integration/test_periodic_tasks.py::TestTaskResilience::test_task_soft_time_limit PASSED [  1%]
backend/tests/integration/test_periodic_tasks.py::TestTaskResilience::test_task_result_backend PASSED [  1%]
backend/tests/integration/test_unified_ingest.py::TestUnifiedIngestTask::test_job_status_tracking PASSED [  1%]
backend/tests/integration/test_unified_ingest.py::TestUnifiedIngestTask::test_file_status_creation PASSED [  1%]
backend/tests/integration/test_unified_ingest.py::TestUnifiedIngestTask::test_job_cancellation_check PASSED [  1%]
backend/tests/integration/test_unified_ingest.py::TestUnifiedIngestTask::test_notification_creation PASSED [  1%]
backend/tests/integration/test_unified_ingest.py::TestBatchProcessing::test_batched_chunk_insertion PASSED [  1%]
backend/tests/integration/test_unified_ingest.py::TestErrorHandling::test_parse_error_handling PASSED [  1%]
backend/tests/integration/test_unified_ingest.py::TestErrorHandling::test_embedding_timeout_handling PASSED [  1%]
backend/tests/integration/test_unified_ingest.py::TestErrorHandling::test_dlq_integration_on_failure PASSED [  1%]
backend/tests/unit/test_admin.py::TestGetAuditLogsEndpoint::test_get_audit_logs_returns_paginated_list PASSED [  1%]
backend/tests/unit/test_admin.py::TestGetAuditLogsEndpoint::test_get_audit_logs_requires_owner_or_admin PASSED [  1%]
backend/tests/unit/test_admin.py::TestGetAuditLogsEndpoint::test_get_audit_logs_filters_by_action PASSED [  1%]
backend/tests/unit/test_admin.py::TestGetAuditLogsEndpoint::test_get_audit_logs_filters_by_resource_type PASSED [  1%]
backend/tests/unit/test_admin.py::TestGetAuditLogsEndpoint::test_get_audit_logs_filters_by_date_range PASSED [  2%]
backend/tests/unit/test_admin.py::TestGetAuditLogsEndpoint::test_get_audit_logs_respects_pagination PASSED [  2%]
backend/tests/unit/test_admin.py::TestGetAuditLogsEndpoint::test_get_audit_logs_orders_by_created_at_desc PASSED [  2%]
backend/tests/unit/test_admin.py::TestGetAuditLogsEndpoint::test_get_audit_logs_returns_total_count PASSED [  2%]
backend/tests/unit/test_admin.py::TestAuditLogActionsEndpoint::test_get_actions_returns_list PASSED [  2%]
backend/tests/unit/test_admin.py::TestAuditLogActionsEndpoint::test_get_actions_is_static_list PASSED [  2%]
backend/tests/unit/test_admin.py::TestAuditLogEntry::test_audit_log_entry_has_required_fields PASSED [  2%]
backend/tests/unit/test_admin.py::TestAuditLogEntry::test_audit_log_entry_allows_optional_fields PASSED [  2%]
backend/tests/unit/test_admin.py::TestAuditLogCleanupTask::test_cleanup_deletes_old_logs PASSED [  2%]
backend/tests/unit/test_admin.py::TestAuditLogCleanupTask::test_cleanup_uses_created_at_for_cutoff PASSED [  2%]
backend/tests/unit/test_admin.py::TestAuditLogCleanupTask::test_cleanup_returns_deleted_count PASSED [  2%]
backend/tests/unit/test_admin.py::TestAuditLogCleanupTask::test_cleanup_handles_errors_gracefully PASSED [  2%]
backend/tests/unit/test_admin_api.py::TestAdminAuditLogs::test_get_audit_logs_returns_items PASSED [  2%]
backend/tests/unit/test_admin_api.py::TestAdminAuditLogs::test_get_audit_logs_blocks_non_admin PASSED [  2%]
backend/tests/unit/test_admin_api.py::TestAdminAuditLogs::test_get_audit_logs_handles_failure PASSED [  2%]
backend/tests/unit/test_admin_api.py::TestAdminAuditActions::test_get_audit_log_actions PASSED [  2%]
backend/tests/unit/test_audit_service.py::TestAuditLogger::test_log_adds_background_task_with_forwarded_ip PASSED [  2%]
backend/tests/unit/test_audit_service.py::TestAuditLogger::test_log_respects_disabled_flag PASSED [  2%]
backend/tests/unit/test_audit_service.py::TestAuditLogger::test_write_log_inserts_record PASSED [  2%]
backend/tests/unit/test_audit_service.py::TestAuditLogger::test_write_log_handles_exception PASSED [  3%]
backend/tests/unit/test_audit_service.py::TestAuditLogger::test_log_sync_inserts_record PASSED [  3%]
backend/tests/unit/test_audit_service.py::TestAuditLogger::test_log_sync_respects_disabled_flag PASSED [  3%]
backend/tests/unit/test_audit_service.py::TestAuditLogger::test_log_sync_handles_exception PASSED [  3%]
backend/tests/unit/test_audit_service.py::TestAuditConvenienceFunctions::test_log_document_delete_queues_task PASSED [  3%]
backend/tests/unit/test_audit_service.py::TestAuditConvenienceFunctions::test_log_chat_delete_queues_task PASSED [  3%]
backend/tests/unit/test_audit_service.py::TestAuditConvenienceFunctions::test_log_connector_sync_uses_sync_logger PASSED [  3%]
backend/tests/unit/test_audit_service.py::TestAuditConvenienceFunctions::test_log_settings_update_queues_task PASSED [  3%]
backend/tests/unit/test_base_connector.py::test_base_connector_list_files_returns_iterator PASSED [  3%]
backend/tests/unit/test_base_connector.py::test_base_connector_fetch_file_content_returns_bytes PASSED [  3%]
backend/tests/unit/test_base_connector.py::test_base_connector_validate_config_returns_bool PASSED [  3%]
backend/tests/unit/test_billing.py::test_list_plans_success PASSED       [  3%]
backend/tests/unit/test_billing.py::test_list_plans_no_token PASSED      [  3%]
backend/tests/unit/test_billing.py::test_list_plans_api_error PASSED     [  3%]
backend/tests/unit/test_billing.py::TestCancelSubscriptionEndpoint::test_cancel_subscription_success PASSED [  3%]
backend/tests/unit/test_billing.py::TestCancelSubscriptionEndpoint::test_cancel_requires_billing_configuration PASSED [  3%]
backend/tests/unit/test_billing.py::TestCancelSubscriptionEndpoint::test_cancel_returns_400_for_no_subscription PASSED [  3%]
backend/tests/unit/test_billing.py::TestCancelSubscriptionEndpoint::test_cancel_sets_cancel_at_period_end PASSED [  3%]
backend/tests/unit/test_billing.py::TestCancelSubscriptionEndpoint::test_cancel_updates_local_database PASSED [  4%]
backend/tests/unit/test_billing.py::TestCancelSubscriptionEndpoint::test_cancel_returns_subscription_id PASSED [  4%]
backend/tests/unit/test_billing.py::TestCancelSubscriptionEndpoint::test_cancel_handles_polar_api_error PASSED [  4%]
backend/tests/unit/test_billing.py::TestCreateCheckoutEndpoint::test_checkout_creates_polar_session PASSED [  4%]
backend/tests/unit/test_billing.py::TestCreateCheckoutEndpoint::test_checkout_returns_checkout_url PASSED [  4%]
backend/tests/unit/test_billing_api.py::test_create_portal_session_success PASSED [  4%]
backend/tests/unit/test_billing_api.py::test_create_portal_session_requires_customer PASSED [  4%]
backend/tests/unit/test_billing_api.py::test_get_current_subscription_success PASSED [  4%]
backend/tests/unit/test_billing_api.py::test_cancel_subscription_success_updates_db PASSED [  4%]
backend/tests/unit/test_billing_api.py::test_get_billing_history_sorted PASSED [  4%]
backend/tests/unit/test_billing_api.py::test_download_invoice_returns_url PASSED [  4%]
backend/tests/unit/test_billing_api.py::test_fix_customer_id_already_present PASSED [  4%]
backend/tests/unit/test_billing_api.py::test_submit_enterprise_inquiry_success PASSED [  4%]
backend/tests/unit/test_billing_endpoints.py::TestGetCustomerId::test_returns_none_without_team PASSED [  4%]
backend/tests/unit/test_billing_endpoints.py::TestGetCustomerId::test_returns_customer_id_from_db PASSED [  4%]
backend/tests/unit/test_billing_endpoints.py::TestGetCustomerId::test_returns_customer_id_from_polar_subscription PASSED [  4%]
backend/tests/unit/test_billing_endpoints.py::TestGetCustomerId::test_returns_customer_id_from_email_lookup PASSED [  4%]
backend/tests/unit/test_billing_endpoints.py::TestListPlans::test_list_plans_returns_empty_without_token PASSED [  4%]
backend/tests/unit/test_billing_endpoints.py::TestListPlans::test_list_plans_returns_sorted PASSED [  4%]
backend/tests/unit/test_billing_endpoints.py::TestCheckout::test_checkout_invalid_plan PASSED [  5%]
backend/tests/unit/test_billing_endpoints.py::TestCheckout::test_checkout_success PASSED [  5%]
backend/tests/unit/test_billing_endpoints.py::TestPortal::test_portal_requires_customer PASSED [  5%]
backend/tests/unit/test_billing_endpoints.py::TestPortal::test_portal_success PASSED [  5%]
backend/tests/unit/test_billing_endpoints.py::TestSubscription::test_get_current_subscription_none PASSED [  5%]
backend/tests/unit/test_billing_endpoints.py::TestSubscription::test_get_current_subscription_success PASSED [  5%]
backend/tests/unit/test_billing_endpoints.py::TestCancelSubscription::test_cancel_subscription_success PASSED [  5%]
backend/tests/unit/test_billing_endpoints.py::TestBillingHistory::test_get_billing_history_returns_invoices PASSED [  5%]
backend/tests/unit/test_billing_endpoints.py::TestInvoices::test_download_invoice_returns_url PASSED [  5%]
backend/tests/unit/test_billing_endpoints.py::TestInvoices::test_download_invoice_generates PASSED [  5%]
backend/tests/unit/test_billing_endpoints.py::TestFixCustomerId::test_fix_customer_id_updates PASSED [  5%]
backend/tests/unit/test_billing_endpoints.py::TestBillingErrorPaths::test_get_customer_id_handles_admin_error PASSED [  5%]
backend/tests/unit/test_billing_endpoints.py::TestBillingErrorPaths::test_get_customer_id_handles_unexpected_error PASSED [  5%]
backend/tests/unit/test_billing_endpoints.py::TestBillingErrorPaths::test_get_customer_id_email_lookup_empty PASSED [  5%]
backend/tests/unit/test_billing_endpoints.py::TestBillingErrorPaths::test_list_plans_handles_status_error PASSED [  5%]
backend/tests/unit/test_billing_endpoints.py::TestBillingErrorPaths::test_list_plans_skips_missing_prices PASSED [  5%]
backend/tests/unit/test_billing_endpoints.py::TestBillingErrorPaths::test_checkout_requires_token PASSED [  5%]
backend/tests/unit/test_billing_endpoints.py::TestBillingErrorPaths::test_checkout_requires_team PASSED [  5%]
backend/tests/unit/test_billing_endpoints.py::TestBillingErrorPaths::test_checkout_handles_http_error PASSED [  5%]
backend/tests/unit/test_billing_endpoints.py::TestBillingErrorPaths::test_portal_requires_token PASSED [  6%]
backend/tests/unit/test_billing_endpoints.py::TestBillingErrorPaths::test_portal_handles_status_error PASSED [  6%]
backend/tests/unit/test_billing_endpoints.py::TestBillingErrorPaths::test_portal_handles_exception PASSED [  6%]
backend/tests/unit/test_billing_endpoints.py::TestBillingErrorPaths::test_get_current_subscription_no_token PASSED [  6%]
backend/tests/unit/test_billing_endpoints.py::TestBillingErrorPaths::test_get_current_subscription_status_error PASSED [  6%]
backend/tests/unit/test_billing_endpoints.py::TestBillingErrorPaths::test_get_current_subscription_empty_items PASSED [  6%]
backend/tests/unit/test_billing_endpoints.py::TestBillingErrorPaths::test_get_current_subscription_handles_exception PASSED [  6%]
backend/tests/unit/test_billing_endpoints.py::TestBillingErrorPaths::test_cancel_subscription_no_token PASSED [  6%]
backend/tests/unit/test_billing_endpoints.py::TestBillingErrorPaths::test_cancel_subscription_no_customer PASSED [  6%]
backend/tests/unit/test_billing_endpoints.py::TestBillingErrorPaths::test_cancel_subscription_fetch_error PASSED [  6%]
backend/tests/unit/test_billing_endpoints.py::TestBillingErrorPaths::test_cancel_subscription_no_items PASSED [  6%]
backend/tests/unit/test_billing_endpoints.py::TestBillingErrorPaths::test_cancel_subscription_missing_subscription_id PASSED [  6%]
backend/tests/unit/test_billing_endpoints.py::TestBillingErrorPaths::test_cancel_subscription_cancel_failed PASSED [  6%]
backend/tests/unit/test_billing_endpoints.py::TestBillingErrorPaths::test_cancel_subscription_exception PASSED [  6%]
backend/tests/unit/test_billing_endpoints.py::TestBillingErrorPaths::test_billing_history_no_token PASSED [  6%]
backend/tests/unit/test_billing_endpoints.py::TestBillingErrorPaths::test_billing_history_no_customer PASSED [  6%]
backend/tests/unit/test_billing_endpoints.py::TestBillingErrorPaths::test_billing_history_status_error PASSED [  6%]
backend/tests/unit/test_billing_endpoints.py::TestBillingErrorPaths::test_billing_history_exception PASSED [  6%]
backend/tests/unit/test_billing_endpoints.py::TestBillingErrorPaths::test_download_invoice_no_token PASSED [  7%]
backend/tests/unit/test_billing_endpoints.py::TestBillingErrorPaths::test_download_invoice_not_found PASSED [  7%]
backend/tests/unit/test_billing_endpoints.py::TestBillingErrorPaths::test_download_invoice_exception PASSED [  7%]
backend/tests/unit/test_billing_endpoints.py::TestBillingErrorPaths::test_fix_customer_id_no_token PASSED [  7%]
backend/tests/unit/test_billing_endpoints.py::TestBillingErrorPaths::test_fix_customer_id_no_team PASSED [  7%]
backend/tests/unit/test_billing_endpoints.py::TestBillingErrorPaths::test_fix_customer_id_no_subscription PASSED [  7%]
backend/tests/unit/test_billing_endpoints.py::TestBillingErrorPaths::test_fix_customer_id_no_polar_id PASSED [  7%]
backend/tests/unit/test_billing_endpoints.py::TestBillingErrorPaths::test_fix_customer_id_missing_customer PASSED [  7%]
backend/tests/unit/test_billing_endpoints.py::TestBillingErrorPaths::test_fix_customer_id_polar_error PASSED [  7%]
backend/tests/unit/test_billing_endpoints.py::TestBillingErrorPaths::test_fix_customer_id_exception PASSED [  7%]
backend/tests/unit/test_billing_endpoints.py::TestBillingErrorPaths::test_enterprise_inquiry_failure_path PASSED [  7%]
backend/tests/unit/test_billing_endpoints.py::TestBillingErrorPaths::test_enterprise_inquiry_exception PASSED [  7%]
backend/tests/unit/test_box_connector.py::TestBoxConnectorProperties::test_connector_type_is_box PASSED [  7%]
backend/tests/unit/test_box_connector.py::TestBoxConnectorProperties::test_supports_incremental_sync PASSED [  7%]
backend/tests/unit/test_box_connector.py::TestBoxConnectorProperties::test_does_not_support_batch_fetch PASSED [  7%]
backend/tests/unit/test_box_connector.py::TestDeterministicSourceIds::test_canonical_source_id_format_file PASSED [  7%]
backend/tests/unit/test_box_connector.py::TestDeterministicSourceIds::test_canonical_source_id_format_folder PASSED [  7%]
backend/tests/unit/test_box_connector.py::TestDeterministicSourceIds::test_canonical_id_is_deterministic PASSED [  7%]
backend/tests/unit/test_box_connector.py::TestDeterministicSourceIds::test_extract_box_id_from_canonical_format PASSED [  7%]
backend/tests/unit/test_box_connector.py::TestDeterministicSourceIds::test_extract_box_id_from_raw_format PASSED [  8%]
backend/tests/unit/test_box_connector.py::TestDeterministicSourceIds::test_item_to_remote_file_uses_canonical_id PASSED [  8%]
backend/tests/unit/test_box_connector.py::TestRobustPagination::test_root_folder_id_constant PASSED [  8%]
backend/tests/unit/test_box_connector.py::TestRobustPagination::test_page_size_constant PASSED [  8%]
backend/tests/unit/test_box_connector.py::TestRobustPagination::test_normalize_folder_id_handles_root PASSED [  8%]
backend/tests/unit/test_box_connector.py::TestRobustPagination::test_normalize_folder_id_preserves_real_ids PASSED [  8%]
backend/tests/unit/test_box_connector.py::TestRobustPagination::test_traverse_uses_visited_set PASSED [  8%]
backend/tests/unit/test_box_connector.py::TestLargeFileDownloads::test_large_file_threshold_defined PASSED [  8%]
backend/tests/unit/test_box_connector.py::TestLargeFileDownloads::test_chunk_size_defined PASSED [  8%]
backend/tests/unit/test_box_connector.py::TestLargeFileDownloads::test_small_file_uses_standard_download PASSED [  8%]
backend/tests/unit/test_box_connector.py::TestLargeFileDownloads::test_large_file_uses_chunked_download PASSED [  8%]
backend/tests/unit/test_box_connector.py::TestErrorResilience::test_fetch_documents_continues_on_not_found PASSED [  8%]
backend/tests/unit/test_box_connector.py::TestErrorResilience::test_traverse_continues_on_403 PASSED [  8%]
backend/tests/unit/test_box_connector.py::TestRateLimitHandling::test_max_retries_constant PASSED [  8%]
backend/tests/unit/test_box_connector.py::TestRateLimitHandling::test_request_with_retry_respects_retry_after PASSED [  8%]
backend/tests/unit/test_box_connector.py::TestDateTimeParsing::test_parse_datetime_iso_format PASSED [  8%]
backend/tests/unit/test_box_connector.py::TestDateTimeParsing::test_parse_datetime_utc_z_suffix PASSED [  8%]
backend/tests/unit/test_box_connector.py::TestDateTimeParsing::test_parse_datetime_none PASSED [  8%]
backend/tests/unit/test_box_connector.py::TestMimeTypeGuessing::test_guess_mime_type_from_extension PASSED [  8%]
backend/tests/unit/test_box_connector.py::TestMimeTypeGuessing::test_guess_mime_type_fallback PASSED [  9%]
backend/tests/unit/test_box_connector.py::TestConfigValidation::test_validate_config_with_access_token PASSED [  9%]
backend/tests/unit/test_box_connector.py::TestConfigValidation::test_validate_config_with_user_id PASSED [  9%]
backend/tests/unit/test_box_connector.py::TestConfigValidation::test_validate_config_empty_fails PASSED [  9%]
backend/tests/unit/test_celery_app_sentry.py::test_init_celery_sentry_success PASSED [  9%]
backend/tests/unit/test_celery_app_sentry.py::test_init_celery_sentry_import_error PASSED [  9%]
backend/tests/unit/test_celery_app_sentry.py::test_init_celery_sentry_handles_exception PASSED [  9%]
backend/tests/unit/test_chats.py::TestChatList::test_list_chats_returns_user_chats_only PASSED [  9%]
backend/tests/unit/test_chats.py::TestChatList::test_list_chats_ordered_by_updated_at_desc PASSED [  9%]
backend/tests/unit/test_chats.py::TestChatList::test_list_chats_empty_for_new_user PASSED [  9%]
backend/tests/unit/test_chats.py::TestChatCreate::test_create_chat_returns_new_chat PASSED [  9%]
backend/tests/unit/test_chats.py::TestRAGChatEndpoint::test_chat_uses_condensed_question PASSED [  9%]
backend/tests/unit/test_chats.py::TestRAGChatEndpoint::test_chat_captures_sentry_exception PASSED [  9%]
backend/tests/unit/test_chats.py::TestRAGChatEndpoint::test_generation_exception_captures_sentry PASSED [  9%]
backend/tests/unit/test_chats.py::TestChatHelpers::test_trim_history_keeps_system_and_last PASSED [  9%]
backend/tests/unit/test_chats.py::TestChatHelpers::test_condense_question_returns_original_without_history PASSED [  9%]
backend/tests/unit/test_chats.py::TestChatHelpers::test_condense_question_falls_back_on_error PASSED [  9%]
backend/tests/unit/test_chats.py::TestChatHelpers::test_format_context_with_citations PASSED [  9%]
backend/tests/unit/test_chats.py::TestChatHelpers::test_condense_question_returns_original_on_blank_history PASSED [  9%]
backend/tests/unit/test_chats.py::TestChatHelpers::test_condense_question_success_path PASSED [ 10%]
backend/tests/unit/test_chats.py::TestChatSafety::test_chat_endpoint_blocks_unsafe PASSED [ 10%]
backend/tests/unit/test_chats.py::TestConversationErrorPaths::test_list_conversations_handles_error PASSED [ 10%]
backend/tests/unit/test_chats.py::TestConversationErrorPaths::test_create_conversation_missing_data PASSED [ 10%]
backend/tests/unit/test_chats.py::TestConversationErrorPaths::test_get_messages_handles_error PASSED [ 10%]
backend/tests/unit/test_chats.py::TestChatEndpointErrors::test_chat_plan_fetch_error_falls_back PASSED [ 10%]
backend/tests/unit/test_chats.py::TestChatEndpointErrors::test_chat_retrieval_failure_raises PASSED [ 10%]
backend/tests/unit/test_chats.py::TestStreamAndSaveErrors::test_stream_chat_response_emits_error PASSED [ 10%]
backend/tests/unit/test_chats.py::TestStreamAndSaveErrors::test_save_messages_handles_errors PASSED [ 10%]
backend/tests/unit/test_chats.py::TestConversationEndpoints::test_get_conversation_returns_404 PASSED [ 10%]
backend/tests/unit/test_chats.py::TestConversationEndpoints::test_update_conversation_returns_404 PASSED [ 10%]
backend/tests/unit/test_chats.py::TestConversationEndpoints::test_delete_conversation_logs_audit PASSED [ 10%]
backend/tests/unit/test_chats.py::TestConversationEndpoints::test_get_messages_returns_404 PASSED [ 10%]
backend/tests/unit/test_chats.py::TestChatEndpointPaths::test_chat_returns_refusal_on_safety_violation PASSED [ 10%]
backend/tests/unit/test_chats.py::TestChatEndpointPaths::test_chat_returns_fast_reply_on_greeting PASSED [ 10%]
backend/tests/unit/test_chats.py::TestChatEndpointPaths::test_chat_embedding_failure_returns_500 PASSED [ 10%]
backend/tests/unit/test_chats.py::TestChatEndpointPaths::test_chat_errors_when_hybrid_search_fails PASSED [ 10%]
backend/tests/unit/test_chats.py::test_stream_chat_response_emits_events PASSED [ 10%]
backend/tests/unit/test_chats.py::test_save_messages_returns_none_without_conversation PASSED [ 11%]
backend/tests/unit/test_chats.py::test_get_conversation_success PASSED   [ 11%]
backend/tests/unit/test_chats.py::test_get_conversation_handles_error PASSED [ 11%]
backend/tests/unit/test_chats.py::test_update_conversation_success PASSED [ 11%]
backend/tests/unit/test_chats.py::test_update_conversation_handles_error PASSED [ 11%]
backend/tests/unit/test_chats.py::test_delete_conversation_handles_error PASSED [ 11%]
backend/tests/unit/test_chats.py::test_get_messages_success PASSED       [ 11%]
backend/tests/unit/test_chats.py::test_get_messages_handles_error PASSED [ 11%]
backend/tests/unit/test_chats.py::test_trim_history_fallback_without_tiktoken PASSED [ 11%]
backend/tests/unit/test_chats.py::test_condense_question_returns_original_for_blank_history PASSED [ 11%]
backend/tests/unit/test_chats.py::test_format_context_with_citations_variants PASSED [ 11%]
backend/tests/unit/test_chats.py::test_format_context_with_citations_empty PASSED [ 11%]
backend/tests/unit/test_chats.py::test_chat_endpoint_streaming_returns_response PASSED [ 11%]
backend/tests/unit/test_chats.py::test_save_messages_success PASSED      [ 11%]
backend/tests/unit/test_cleanup_service.py::test_execute_org_deletion_blocks_active_ingestion PASSED [ 11%]
backend/tests/unit/test_cleanup_service.py::test_execute_org_deletion_returns_counts PASSED [ 11%]
backend/tests/unit/test_connector_registry.py::TestConnectorRegistry::test_s3_connector_registered PASSED [ 11%]
backend/tests/unit/test_connector_registry.py::TestConnectorRegistry::test_s3_connector_class_type PASSED [ 11%]
backend/tests/unit/test_connector_registry.py::TestConnectorRegistry::test_get_connector_returns_s3 PASSED [ 11%]
backend/tests/unit/test_connector_registry.py::TestConnectorRegistry::test_get_connector_raises_for_unknown PASSED [ 12%]
backend/tests/unit/test_connector_registry.py::TestConnectorRegistry::test_all_connectors_registered PASSED [ 12%]
backend/tests/unit/test_connector_registry.py::TestConnectorRegistry::test_box_connector_registered PASSED [ 12%]
backend/tests/unit/test_connector_registry.py::TestConnectorRegistry::test_sftp_connector_registered PASSED [ 12%]
backend/tests/unit/test_connector_registry.py::TestConnectorManifest::test_s3_manifest_exists PASSED [ 12%]
backend/tests/unit/test_connector_registry.py::TestConnectorManifest::test_s3_manifest_has_enterprise_flag PASSED [ 12%]
backend/tests/unit/test_connector_registry.py::TestConnectorManifest::test_s3_manifest_has_auth_type PASSED [ 12%]
backend/tests/unit/test_connector_registry.py::TestConnectorManifest::test_s3_manifest_has_capabilities PASSED [ 12%]
backend/tests/unit/test_connector_registry.py::TestSourceTypeEnum::test_source_type_has_s3 PASSED [ 12%]
backend/tests/unit/test_connector_registry.py::TestSourceTypeEnum::test_source_type_has_box PASSED [ 12%]
backend/tests/unit/test_connectors.py::test_file_upload_connector_fetch PASSED [ 12%]
backend/tests/unit/test_connectors.py::test_file_upload_connector_missing_file_raises PASSED [ 12%]
backend/tests/unit/test_connectors.py::test_file_upload_connector_multiple_files PASSED [ 12%]
backend/tests/unit/test_connectors.py::test_file_upload_connector_mime_detection PASSED [ 12%]
backend/tests/unit/test_connectors.py::test_get_connector_returns_instances PASSED [ 12%]
backend/tests/unit/test_connectors.py::test_get_connector_unknown_type_raises PASSED [ 12%]
backend/tests/unit/test_connectors.py::test_file_upload_connector_flags_and_auth PASSED [ 12%]
backend/tests/unit/test_connectors_limits.py::test_get_limit_defaults_to_config PASSED [ 12%]
backend/tests/unit/test_connectors_limits.py::test_get_limiter_returns_existing_instance PASSED [ 12%]
backend/tests/unit/test_core_config.py::test_get_polar_product_mapping_includes_enterprise PASSED [ 13%]
backend/tests/unit/test_core_config.py::test_settings_property_polar_product_mapping PASSED [ 13%]
backend/tests/unit/test_core_config.py::test_sentry_init_success PASSED  [ 13%]
backend/tests/unit/test_core_config.py::test_sentry_import_error_logs_warning PASSED [ 13%]
backend/tests/unit/test_core_config.py::test_sentry_init_exception_logs_error PASSED [ 13%]
backend/tests/unit/test_core_db.py::test_build_client_options_sets_storage PASSED [ 13%]
backend/tests/unit/test_core_db.py::test_build_client_options_fallback_type_error PASSED [ 13%]
backend/tests/unit/test_core_db.py::test_build_client_options_adds_storage_when_missing PASSED [ 13%]
backend/tests/unit/test_core_db.py::test_get_supabase_singleton PASSED   [ 13%]
backend/tests/unit/test_core_db.py::test_get_supabase_raises_when_create_fails PASSED [ 13%]
backend/tests/unit/test_core_db.py::test_check_connection_raises_on_failure PASSED [ 13%]
backend/tests/unit/test_core_db.py::test_check_connection_returns_true PASSED [ 13%]
backend/tests/unit/test_core_db.py::test_check_connection_retries_then_succeeds PASSED [ 13%]
backend/tests/unit/test_core_metrics.py::test_metrics_enabled_when_prometheus_available PASSED [ 13%]
backend/tests/unit/test_core_metrics.py::test_metrics_dummy_set_when_prometheus_missing PASSED [ 13%]
backend/tests/unit/test_core_metrics.py::test_metrics_system_info_exception_is_handled PASSED [ 13%]
backend/tests/unit/test_crawl_tasks.py::TestCrawlWebTask::test_single_url_crawl PASSED [ 13%]
backend/tests/unit/test_crawl_tasks.py::TestCrawlWebTask::test_updates_crawl_status PASSED [ 13%]
backend/tests/unit/test_crawl_tasks.py::TestCheckScheduledCrawls::test_triggers_due_crawls PASSED [ 14%]
backend/tests/unit/test_crawl_tasks.py::TestCheckScheduledCrawls::test_no_pending_crawls PASSED [ 14%]
backend/tests/unit/test_crawl_tasks.py::TestCrawlDiscoveryTask::test_discovery_sitemap_mode PASSED [ 14%]
backend/tests/unit/test_crawl_tasks.py::TestCrawlDiscoveryTask::test_deduplication PASSED [ 14%]
backend/tests/unit/test_crawl_tasks.py::TestCrawlDiscoveryTask::test_recursive_discovery PASSED [ 14%]
backend/tests/unit/test_crawl_tasks.py::TestCrawlDiscoveryTask::test_discovery_limit PASSED [ 14%]
backend/tests/unit/test_crawl_tasks.py::TestProcessPageTask::test_processes_single_url PASSED [ 14%]
backend/tests/unit/test_crawl_tasks.py::TestProcessPageTask::test_respects_rate_limit PASSED [ 14%]
backend/tests/unit/test_crawl_tasks.py::TestProcessPageTask::test_handles_empty_content PASSED [ 14%]
backend/tests/unit/test_crawl_tasks.py::TestProcessPageTask::test_uses_atomic_rpc PASSED [ 14%]
backend/tests/unit/test_crawl_tasks.py::TestRateLimiting::test_allows_first_request PASSED [ 14%]
backend/tests/unit/test_crawl_tasks.py::TestRateLimiting::test_blocks_when_limit_exceeded PASSED [ 14%]
backend/tests/unit/test_crawl_tasks.py::TestRateLimiting::test_allows_on_redis_error PASSED [ 14%]
backend/tests/unit/test_crawl_tasks.py::TestUpdateCrawlStatus::test_updates_all_fields PASSED [ 14%]
backend/tests/unit/test_crawl_tasks.py::TestUpdateCrawlStatus::test_handles_database_error PASSED [ 14%]
backend/tests/unit/test_db_utils.py::test_metrics_import_fallback PASSED [ 14%]
backend/tests/unit/test_db_utils.py::test_is_retryable_supabase_error_reads_response_status PASSED [ 14%]
backend/tests/unit/test_db_utils.py::test_insert_rows_with_retry_raises_when_max_attempts_zero PASSED [ 14%]
backend/tests/unit/test_db_utils.py::test_delete_rows_with_retry_raises_when_max_attempts_zero PASSED [ 14%]
backend/tests/unit/test_db_utils.py::test_get_status_code_prefers_explicit_status PASSED [ 15%]
backend/tests/unit/test_db_utils.py::test_get_status_code_reads_response_status PASSED [ 15%]
backend/tests/unit/test_db_utils.py::test_insert_rows_with_retry_raises_on_empty_rows PASSED [ 15%]
backend/tests/unit/test_db_utils.py::test_insert_rows_with_retry_success_records_metrics PASSED [ 15%]
backend/tests/unit/test_db_utils.py::test_insert_rows_with_retry_retries_then_succeeds PASSED [ 15%]
backend/tests/unit/test_db_utils.py::test_insert_rows_with_retry_non_retryable_raises PASSED [ 15%]
backend/tests/unit/test_db_utils.py::test_delete_rows_with_retry_success PASSED [ 15%]
backend/tests/unit/test_db_utils.py::test_delete_rows_with_retry_retries_then_fails PASSED [ 15%]
backend/tests/unit/test_db_utils.py::test_delete_rows_with_retry_records_retry_success PASSED [ 15%]
backend/tests/unit/test_delete_account.py::TestDeleteAccountEndpoint::test_delete_account_calls_cleanup_service PASSED [ 15%]
backend/tests/unit/test_delete_account.py::TestDeleteAccountEndpoint::test_delete_account_returns_deletion_details PASSED [ 15%]
backend/tests/unit/test_delete_account.py::TestDeleteAccountEndpoint::test_delete_account_raises_500_on_failure PASSED [ 15%]
backend/tests/unit/test_delete_account.py::TestDeleteAccountEndpoint::test_delete_account_requires_authentication PASSED [ 15%]
backend/tests/unit/test_delete_account.py::TestDeleteAccountLogging::test_delete_account_logs_request PASSED [ 15%]
backend/tests/unit/test_delete_account.py::TestDeleteAccountEdgeCases::test_delete_account_with_no_data PASSED [ 15%]
backend/tests/unit/test_delete_account.py::TestDeleteAccountEdgeCases::test_delete_account_with_uuid_format PASSED [ 15%]
backend/tests/unit/test_delete_account.py::TestDeleteAccountSecurityChecks::test_endpoint_uses_get_current_user_dependency PASSED [ 15%]
backend/tests/unit/test_delete_account.py::TestDeleteAccountSecurityChecks::test_delete_only_affects_authenticated_user PASSED [ 15%]
backend/tests/unit/test_dependencies.py::test_validate_team_access_allows_user PASSED [ 15%]
backend/tests/unit/test_dependencies.py::test_validate_team_access_denies_user PASSED [ 16%]
backend/tests/unit/test_dependencies.py::test_require_plan_allows_required_plan PASSED [ 16%]
backend/tests/unit/test_dependencies.py::test_require_plan_blocks_other_plans PASSED [ 16%]
backend/tests/unit/test_dependencies.py::test_require_admin_allows_owner PASSED [ 16%]
backend/tests/unit/test_dependencies.py::test_require_admin_allows_admin_member PASSED [ 16%]
backend/tests/unit/test_dependencies.py::test_require_admin_denies_non_admin PASSED [ 16%]
backend/tests/unit/test_dependencies.py::test_require_admin_handles_errors PASSED [ 16%]
backend/tests/unit/test_dependencies.py::test_get_effective_plan_dependency_returns_plan PASSED [ 16%]
backend/tests/unit/test_dependencies.py::test_require_paid_access_allows_paid_plan PASSED [ 16%]
backend/tests/unit/test_dependencies.py::test_require_paid_access_blocks_free_plan PASSED [ 16%]
backend/tests/unit/test_dlq_api.py::test_get_failed_task_for_job_returns_none PASSED [ 16%]
backend/tests/unit/test_dlq_api.py::test_get_failed_task_for_job_returns_task PASSED [ 16%]
backend/tests/unit/test_dlq_api.py::test_get_failed_task_for_job_handles_error PASSED [ 16%]
backend/tests/unit/test_dlq_api.py::test_manual_retry_task_not_found PASSED [ 16%]
backend/tests/unit/test_dlq_api.py::test_manual_retry_task_resolved_rejected PASSED [ 16%]
backend/tests/unit/test_dlq_api.py::test_manual_retry_task_retrying_rejected PASSED [ 16%]
backend/tests/unit/test_dlq_api.py::test_manual_retry_task_exceeds_retries PASSED [ 16%]
backend/tests/unit/test_dlq_api.py::test_manual_retry_task_success PASSED [ 16%]
backend/tests/unit/test_dlq_api.py::test_manual_retry_task_update_failure PASSED [ 16%]
backend/tests/unit/test_dlq_api.py::test_manual_retry_task_exception PASSED [ 17%]
backend/tests/unit/test_dlq_api.py::test_resolve_failed_task_already_resolved PASSED [ 17%]
backend/tests/unit/test_dlq_api.py::test_resolve_failed_task_success PASSED [ 17%]
backend/tests/unit/test_dlq_api.py::test_resolve_failed_task_not_found PASSED [ 17%]
backend/tests/unit/test_dlq_api.py::test_resolve_failed_task_update_failure PASSED [ 17%]
backend/tests/unit/test_dlq_api.py::test_resolve_failed_task_exception PASSED [ 17%]
backend/tests/unit/test_dlq_api.py::test_get_dlq_stats_empty PASSED      [ 17%]
backend/tests/unit/test_dlq_api.py::test_get_dlq_stats_counts PASSED     [ 17%]
backend/tests/unit/test_dlq_api.py::test_get_dlq_stats_handles_error PASSED [ 17%]
backend/tests/unit/test_dlq_api.py::test_get_my_failed_tasks_invalid_status PASSED [ 17%]
backend/tests/unit/test_dlq_api.py::test_get_my_failed_tasks_success PASSED [ 17%]
backend/tests/unit/test_dlq_api.py::test_get_my_failed_tasks_with_status_filter PASSED [ 17%]
backend/tests/unit/test_dlq_api.py::test_get_my_failed_tasks_handles_error PASSED [ 17%]
backend/tests/unit/test_dlq_api.py::test_admin_get_all_failed_tasks_success PASSED [ 17%]
backend/tests/unit/test_dlq_api.py::test_admin_get_all_failed_tasks_status_filter PASSED [ 17%]
backend/tests/unit/test_dlq_api.py::test_admin_get_all_failed_tasks_handles_error PASSED [ 17%]
backend/tests/unit/test_dlq_api.py::test_admin_trigger_retry_cycle PASSED [ 17%]
backend/tests/unit/test_dlq_api.py::test_admin_trigger_retry_cycle_handles_error PASSED [ 17%]
backend/tests/unit/test_dlq_api.py::test_admin_get_global_stats_empty PASSED [ 18%]
backend/tests/unit/test_dlq_api.py::test_admin_get_global_stats_counts PASSED [ 18%]
backend/tests/unit/test_dlq_api.py::test_admin_get_global_stats_handles_error PASSED [ 18%]
backend/tests/unit/test_dlq_worker.py::TestRedaction::test_redact_payload_masks_sensitive_keys PASSED [ 18%]
backend/tests/unit/test_dlq_worker.py::TestRedaction::test_redact_value_bytes_and_str PASSED [ 18%]
backend/tests/unit/test_dlq_worker.py::TestRedaction::test_redact_value_other_types PASSED [ 18%]
backend/tests/unit/test_dlq_worker.py::TestRedaction::test_redact_payload_tuple PASSED [ 18%]
backend/tests/unit/test_dlq_worker.py::TestLogTaskFailure::test_log_task_failure_inserts_new_record PASSED [ 18%]
backend/tests/unit/test_dlq_worker.py::TestLogTaskFailure::test_log_task_failure_updates_existing_record PASSED [ 18%]
backend/tests/unit/test_dlq_worker.py::TestLogTaskFailure::test_log_task_failure_schedules_retry PASSED [ 18%]
backend/tests/unit/test_dlq_worker.py::TestLogTaskFailure::test_log_task_failure_handles_exception PASSED [ 18%]
backend/tests/unit/test_dlq_worker.py::TestLogTaskFailure::test_log_failed_task_wrapper PASSED [ 18%]
backend/tests/unit/test_dlq_worker.py::TestRetryFailedTasks::test_retry_failed_tasks_empty PASSED [ 18%]
backend/tests/unit/test_dlq_worker.py::TestRetryFailedTasks::test_retry_failed_tasks_dispatches PASSED [ 18%]
backend/tests/unit/test_dlq_worker.py::TestRetryFailedTasks::test_retry_failed_tasks_claimed_by_other_worker PASSED [ 18%]
backend/tests/unit/test_dlq_worker.py::TestRetryFailedTasks::test_retry_failed_tasks_unknown_task_type PASSED [ 18%]
backend/tests/unit/test_dlq_worker.py::TestRetryFailedTasks::test_retry_failed_tasks_handles_task_error PASSED [ 18%]
backend/tests/unit/test_dlq_worker.py::TestRetryFailedTasks::test_retry_failed_tasks_handles_error PASSED [ 18%]
backend/tests/unit/test_documents.py::TestDocumentStatsEndpoint::test_stats_returns_count_without_fetching_data PASSED [ 18%]
backend/tests/unit/test_documents.py::TestDocumentStatsEndpoint::test_stats_returns_zero_for_new_user PASSED [ 19%]
backend/tests/unit/test_documents.py::TestDocumentStatsEndpoint::test_stats_includes_last_updated PASSED [ 19%]
backend/tests/unit/test_documents.py::TestDocumentListEndpoint::test_list_documents_returns_user_documents_only PASSED [ 19%]
backend/tests/unit/test_documents.py::TestDocumentListEndpoint::test_list_documents_pagination PASSED [ 19%]
backend/tests/unit/test_documents.py::TestDocumentListEndpoint::test_list_documents_search PASSED [ 19%]
backend/tests/unit/test_documents.py::TestDocumentListEndpoint::test_list_documents_includes_failed PASSED [ 19%]
backend/tests/unit/test_documents.py::TestDocumentListEndpoint::test_list_documents_ordered_by_created_at_desc PASSED [ 19%]
backend/tests/unit/test_documents.py::TestDocumentDeleteEndpoint::test_delete_document_requires_ownership PASSED [ 19%]
backend/tests/unit/test_documents.py::TestDocumentDeleteEndpoint::test_delete_document_cascades_to_chunks PASSED [ 19%]
backend/tests/unit/test_documents.py::TestDocumentDeleteEndpoint::test_delete_nonexistent_document_returns_404 PASSED [ 19%]
backend/tests/unit/test_documents.py::TestDocumentDataIntegrity::test_document_dto_matches_schema PASSED [ 19%]
backend/tests/unit/test_documents.py::TestDocumentDataIntegrity::test_document_stats_dto_matches_schema PASSED [ 19%]
backend/tests/unit/test_documents.py::TestDocumentUpdateEndpoint::test_update_document_title PASSED [ 19%]
backend/tests/unit/test_documents.py::TestDocumentUpdateEndpoint::test_update_document_metadata PASSED [ 19%]
backend/tests/unit/test_documents.py::TestDocumentUpdateEndpoint::test_update_endpoint_validates_user_ownership PASSED [ 19%]
backend/tests/unit/test_documents.py::TestDocumentUpdateEndpoint::test_update_endpoint_returns_404_for_nonexistent PASSED [ 19%]
backend/tests/unit/test_documents.py::TestDocumentUpdateEndpoint::test_update_document_missing_doc_raises PASSED [ 19%]
backend/tests/unit/test_documents.py::TestDocumentUpdateEndpoint::test_update_document_updates_metadata_fields PASSED [ 19%]
backend/tests/unit/test_documents.py::TestDocumentUpdateEndpoint::test_update_document_handles_exception PASSED [ 19%]
backend/tests/unit/test_documents.py::TestDocumentUpdateEndpoint::test_update_endpoint_requires_at_least_one_field PASSED [ 20%]
backend/tests/unit/test_documents.py::TestDocumentUpdateEndpoint::test_update_endpoint_creates_audit_log PASSED [ 20%]
backend/tests/unit/test_documents.py::TestDocumentUpdateEndpoint::test_viewers_cannot_update_documents PASSED [ 20%]
backend/tests/unit/test_documents.py::TestDocumentChunksEndpoint::test_get_chunks_returns_paginated_list PASSED [ 20%]
backend/tests/unit/test_documents.py::TestDocumentChunksEndpoint::test_get_chunks_orders_by_chunk_index PASSED [ 20%]
backend/tests/unit/test_documents.py::TestDocumentChunksEndpoint::test_get_chunks_verifies_document_ownership PASSED [ 20%]
backend/tests/unit/test_documents.py::TestDocumentChunksEndpoint::test_get_chunks_returns_404_for_nonexistent_document PASSED [ 20%]
backend/tests/unit/test_documents.py::TestDocumentChunksEndpoint::test_chunk_dto_has_required_fields PASSED [ 20%]
backend/tests/unit/test_documents.py::TestDocumentChunksEndpoint::test_get_chunks_supports_pagination_params PASSED [ 20%]
backend/tests/unit/test_documents.py::TestDocumentErrorPaths::test_document_stats_handles_exception PASSED [ 20%]
backend/tests/unit/test_documents.py::TestDocumentErrorPaths::test_list_documents_handles_failed_files_error PASSED [ 20%]
backend/tests/unit/test_documents.py::TestDocumentErrorPaths::test_list_documents_handles_exception PASSED [ 20%]
backend/tests/unit/test_documents.py::TestDocumentErrorPaths::test_delete_document_blocks_viewer PASSED [ 20%]
backend/tests/unit/test_documents.py::TestDocumentErrorPaths::test_delete_document_handles_exception PASSED [ 20%]
backend/tests/unit/test_documents.py::TestDocumentErrorPaths::test_update_document_no_fields PASSED [ 20%]
backend/tests/unit/test_documents.py::TestDocumentErrorPaths::test_update_document_update_failure PASSED [ 20%]
backend/tests/unit/test_documents.py::TestDocumentErrorPaths::test_update_document_blocks_viewer PASSED [ 20%]
backend/tests/unit/test_documents.py::TestDocumentErrorPaths::test_get_document_chunks_not_found PASSED [ 20%]
backend/tests/unit/test_documents.py::TestDocumentErrorPaths::test_get_document_chunks_handles_exception PASSED [ 21%]
backend/tests/unit/test_drive_connector.py::test_authorize_implementation_true PASSED [ 21%]
backend/tests/unit/test_drive_connector.py::test_get_credentials_by_integration_refresh_error PASSED [ 21%]
backend/tests/unit/test_drive_connector.py::test_get_credentials_missing_definition PASSED [ 21%]
backend/tests/unit/test_drive_connector.py::test_list_files_sync_returns_items PASSED [ 21%]
backend/tests/unit/test_drive_connector.py::test_drive_list_calls_execute PASSED [ 21%]
backend/tests/unit/test_drive_connector.py::test_drive_get_calls_execute PASSED [ 21%]
backend/tests/unit/test_drive_connector.py::test_authorize_async_wrapper PASSED [ 21%]
backend/tests/unit/test_drive_connector.py::test_list_files_async_wrapper PASSED [ 21%]
backend/tests/unit/test_drive_connector.py::test_get_all_files_recursive_yields_files PASSED [ 21%]
backend/tests/unit/test_drive_connector.py::test_download_file_content_skips_folder PASSED [ 21%]
backend/tests/unit/test_drive_connector.py::test_download_file_content_exports_google_doc PASSED [ 21%]
backend/tests/unit/test_drive_connector.py::test_download_file_content_binary_download PASSED [ 21%]
backend/tests/unit/test_drive_connector.py::test_fetch_documents_sync_requires_credentials_or_user PASSED [ 21%]
backend/tests/unit/test_drive_connector.py::test_fetch_documents_sync_yields_source_document PASSED [ 21%]
backend/tests/unit/test_drive_connector.py::test_connector_type_google_drive PASSED [ 21%]
backend/tests/unit/test_drive_connector.py::test_authorize_implementation_missing_definition_returns_false PASSED [ 21%]
backend/tests/unit/test_drive_connector.py::test_get_credentials_by_integration_success PASSED [ 21%]
backend/tests/unit/test_drive_connector.py::test_get_credentials_missing_integration_raises PASSED [ 21%]
backend/tests/unit/test_drive_connector.py::test_get_credentials_success_calls_integration_lookup PASSED [ 22%]
backend/tests/unit/test_drive_connector.py::test_download_file_content_export_error_raises PASSED [ 22%]
backend/tests/unit/test_drive_connector.py::test_download_file_content_binary_error_raises PASSED [ 22%]
backend/tests/unit/test_drive_connector.py::test_get_all_files_recursive_handles_error PASSED [ 22%]
backend/tests/unit/test_drive_connector.py::test_fetch_documents_sync_integration_not_found PASSED [ 22%]
backend/tests/unit/test_drive_connector.py::test_fetch_documents_sync_empty_item_ids_returns_empty PASSED [ 22%]
backend/tests/unit/test_drive_connector.py::test_fetch_documents_sync_integration_success PASSED [ 22%]
backend/tests/unit/test_drive_connector.py::test_fetch_documents_sync_folder_branch_skips_missing_docs PASSED [ 22%]
backend/tests/unit/test_drive_connector.py::test_build_source_document_returns_none_when_no_content PASSED [ 22%]
backend/tests/unit/test_drive_connector.py::test_fetch_documents_async_wrapper PASSED [ 22%]
backend/tests/unit/test_drive_connector.py::test_fetch_documents_sync_continues_on_error PASSED [ 22%]
backend/tests/unit/test_email_invite.py::test_send_team_invite_success PASSED [ 22%]
backend/tests/unit/test_email_invite.py::test_send_team_invite_template_fallback PASSED [ 22%]
backend/tests/unit/test_email_invite.py::test_send_team_invite_exception_handling PASSED [ 22%]
backend/tests/unit/test_email_service.py::TestEmailServiceInitialization::test_service_disabled_without_api_key PASSED [ 22%]
backend/tests/unit/test_email_service.py::TestEmailServiceInitialization::test_service_enabled_with_api_key PASSED [ 22%]
backend/tests/unit/test_email_service.py::TestEmailServiceInitialization::test_service_disabled_without_resend_dependency PASSED [ 22%]
backend/tests/unit/test_email_service.py::TestEmailServiceInitialization::test_service_warns_when_templates_missing PASSED [ 22%]
backend/tests/unit/test_email_service.py::TestEmailServiceSendIngestionComplete::test_send_ingestion_complete_success PASSED [ 22%]
backend/tests/unit/test_email_service.py::TestEmailServiceSendIngestionComplete::test_send_ingestion_complete_disabled PASSED [ 23%]
backend/tests/unit/test_email_service.py::TestEmailServiceSendIngestionComplete::test_send_ingestion_complete_api_error_logged_not_raised PASSED [ 23%]
backend/tests/unit/test_email_service.py::TestEmailServiceSendIngestionComplete::test_send_ingestion_complete_uses_fallback_when_template_fails PASSED [ 23%]
backend/tests/unit/test_email_service.py::TestEmailServiceTemplateRendering::test_render_template_returns_none_without_jinja_env PASSED [ 23%]
backend/tests/unit/test_email_service.py::TestEmailServiceTemplateRendering::test_render_template_handles_render_error PASSED [ 23%]
backend/tests/unit/test_email_service.py::TestEmailServiceWelcomeEmail::test_send_welcome_email_success PASSED [ 23%]
backend/tests/unit/test_email_service.py::TestEmailServiceEdgeCases::test_empty_email_address PASSED [ 23%]
backend/tests/unit/test_email_service.py::TestEmailServiceEdgeCases::test_special_characters_in_name PASSED [ 23%]
backend/tests/unit/test_email_service.py::TestEmailServiceEdgeCases::test_zero_files_processed PASSED [ 23%]
backend/tests/unit/test_email_service.py::TestEmailServiceAdditionalNotifications::test_send_ingestion_failed_fallback PASSED [ 23%]
backend/tests/unit/test_email_service.py::TestEmailServiceAdditionalNotifications::test_send_retry_scheduled_fallback PASSED [ 23%]
backend/tests/unit/test_email_service.py::TestEmailServiceAdditionalNotifications::test_send_retry_succeeded_fallback PASSED [ 23%]
backend/tests/unit/test_email_service.py::TestEmailServiceAdditionalNotifications::test_send_permanently_failed_fallback PASSED [ 23%]
backend/tests/unit/test_email_service.py::TestEmailServiceAdditionalNotifications::test_send_enterprise_inquiry_fallback PASSED [ 23%]
backend/tests/unit/test_email_service.py::TestEmailServiceDisabledPaths::test_send_welcome_email_disabled PASSED [ 23%]
backend/tests/unit/test_email_service.py::TestEmailServiceDisabledPaths::test_send_ingestion_failed_disabled PASSED [ 23%]
backend/tests/unit/test_email_service.py::TestEmailServiceDisabledPaths::test_send_retry_scheduled_disabled PASSED [ 23%]
backend/tests/unit/test_email_service.py::TestEmailServiceDisabledPaths::test_send_retry_succeeded_disabled PASSED [ 23%]
backend/tests/unit/test_email_service.py::TestEmailServiceDisabledPaths::test_send_permanently_failed_disabled PASSED [ 23%]
backend/tests/unit/test_email_service.py::TestEmailServiceDisabledPaths::test_send_team_invite_disabled PASSED [ 24%]
backend/tests/unit/test_email_service.py::TestEmailServiceDisabledPaths::test_send_enterprise_inquiry_disabled PASSED [ 24%]
backend/tests/unit/test_email_service.py::TestEmailServiceExceptionPaths::test_send_welcome_email_exception PASSED [ 24%]
backend/tests/unit/test_email_service.py::TestEmailServiceExceptionPaths::test_send_ingestion_failed_exception PASSED [ 24%]
backend/tests/unit/test_email_service.py::TestEmailServiceExceptionPaths::test_send_retry_scheduled_exception PASSED [ 24%]
backend/tests/unit/test_email_service.py::TestEmailServiceExceptionPaths::test_send_retry_succeeded_exception PASSED [ 24%]
backend/tests/unit/test_email_service.py::TestEmailServiceExceptionPaths::test_send_permanently_failed_exception PASSED [ 24%]
backend/tests/unit/test_email_service.py::TestEmailServiceExceptionPaths::test_send_team_invite_exception PASSED [ 24%]
backend/tests/unit/test_email_service.py::TestEmailServiceExceptionPaths::test_send_enterprise_inquiry_exception PASSED [ 24%]
backend/tests/unit/test_embeddings.py::TestEmbeddingTierSelection::test_high_priority_returns_premium PASSED [ 24%]
backend/tests/unit/test_embeddings.py::TestEmbeddingTierSelection::test_large_batch_returns_local PASSED [ 24%]
backend/tests/unit/test_embeddings.py::TestEmbeddingTierSelection::test_medium_batch_returns_standard PASSED [ 24%]
backend/tests/unit/test_embeddings.py::TestEmbeddingTierSelection::test_small_batch_returns_premium PASSED [ 24%]
backend/tests/unit/test_embeddings.py::TestEmbeddingTierSelection::test_force_local_overrides_all PASSED [ 24%]
backend/tests/unit/test_embeddings.py::TestEmbeddingDimensions::test_local_dimension PASSED [ 24%]
backend/tests/unit/test_embeddings.py::TestEmbeddingDimensions::test_standard_dimension PASSED [ 24%]
backend/tests/unit/test_embeddings.py::TestEmbeddingDimensions::test_premium_dimension PASSED [ 24%]
backend/tests/unit/test_embeddings.py::TestEmbeddingFactory::test_premium_returns_openai PASSED [ 24%]
backend/tests/unit/test_embeddings.py::TestEmbeddingFactory::test_local_embeddings_falls_back_on_import_error PASSED [ 25%]
backend/tests/unit/test_embeddings.py::TestEmbeddingFactory::test_standard_embeddings_falls_back_on_import_error PASSED [ 25%]
backend/tests/unit/test_embeddings.py::TestEmbeddingFactory::test_local_embeddings_returns_huggingface PASSED [ 25%]
backend/tests/unit/test_embeddings.py::TestEmbeddingFactory::test_standard_embeddings_uses_mistral PASSED [ 25%]
backend/tests/unit/test_embeddings.py::TestEmbeddingFactory::test_get_embeddings_local_and_standard PASSED [ 25%]
backend/tests/unit/test_enhanced_connector.py::test_fetch_documents_returns_source_document PASSED [ 25%]
backend/tests/unit/test_enhanced_connector.py::test_fetch_documents_sync_returns_source_document PASSED [ 25%]
backend/tests/unit/test_enhanced_connector.py::test_connector_type_not_implemented PASSED [ 25%]
backend/tests/unit/test_enhanced_connector.py::test_fetch_documents_not_implemented_raises PASSED [ 25%]
backend/tests/unit/test_enhanced_connector.py::test_supports_flags_default_false PASSED [ 25%]
backend/tests/unit/test_github_connector.py::TestCodeFileFilter::test_should_include_python_files PASSED [ 25%]
backend/tests/unit/test_github_connector.py::TestCodeFileFilter::test_should_include_javascript_files PASSED [ 25%]
backend/tests/unit/test_github_connector.py::TestCodeFileFilter::test_should_include_typescript_files PASSED [ 25%]
backend/tests/unit/test_github_connector.py::TestCodeFileFilter::test_should_include_go_files PASSED [ 25%]
backend/tests/unit/test_github_connector.py::TestCodeFileFilter::test_should_include_rust_files PASSED [ 25%]
backend/tests/unit/test_github_connector.py::TestCodeFileFilter::test_should_include_java_kotlin_scala_files PASSED [ 25%]
backend/tests/unit/test_github_connector.py::TestCodeFileFilter::test_should_include_ruby_files PASSED [ 25%]
backend/tests/unit/test_github_connector.py::TestCodeFileFilter::test_should_include_php_files PASSED [ 25%]
backend/tests/unit/test_github_connector.py::TestCodeFileFilter::test_should_include_csharp_fsharp_files PASSED [ 25%]
backend/tests/unit/test_github_connector.py::TestCodeFileFilter::test_should_include_cpp_c_files PASSED [ 26%]
backend/tests/unit/test_github_connector.py::TestCodeFileFilter::test_should_include_swift_objc_files PASSED [ 26%]
backend/tests/unit/test_github_connector.py::TestCodeFileFilter::test_should_include_shell_scripts PASSED [ 26%]
backend/tests/unit/test_github_connector.py::TestCodeFileFilter::test_should_include_other_languages PASSED [ 26%]
backend/tests/unit/test_github_connector.py::TestCodeFileFilter::test_should_include_markdown_files PASSED [ 26%]
backend/tests/unit/test_github_connector.py::TestCodeFileFilter::test_should_include_other_docs PASSED [ 26%]
backend/tests/unit/test_github_connector.py::TestCodeFileFilter::test_should_include_json_yaml_files PASSED [ 26%]
backend/tests/unit/test_github_connector.py::TestCodeFileFilter::test_should_include_xml_ini_files PASSED [ 26%]
backend/tests/unit/test_github_connector.py::TestCodeFileFilter::test_should_include_env_sample_files PASSED [ 26%]
backend/tests/unit/test_github_connector.py::TestCodeFileFilter::test_should_include_git_config_files PASSED [ 26%]
backend/tests/unit/test_github_connector.py::TestCodeFileFilter::test_should_include_web_files PASSED [ 26%]
backend/tests/unit/test_github_connector.py::TestCodeFileFilter::test_should_include_jupyter_notebooks PASSED [ 26%]
backend/tests/unit/test_github_connector.py::TestCodeFileFilter::test_should_include_dockerfile PASSED [ 26%]
backend/tests/unit/test_github_connector.py::TestCodeFileFilter::test_should_include_makefile PASSED [ 26%]
backend/tests/unit/test_github_connector.py::TestCodeFileFilter::test_should_include_build_files PASSED [ 26%]
backend/tests/unit/test_github_connector.py::TestCodeFileFilter::test_should_include_python_build_files PASSED [ 26%]
backend/tests/unit/test_github_connector.py::TestCodeFileFilter::test_should_include_node_build_files PASSED [ 26%]
backend/tests/unit/test_github_connector.py::TestCodeFileFilter::test_should_include_other_build_files PASSED [ 26%]
backend/tests/unit/test_github_connector.py::TestCodeFileFilter::test_should_include_linter_configs PASSED [ 26%]
backend/tests/unit/test_github_connector.py::TestCodeFileFilter::test_should_include_license_readme PASSED [ 27%]
backend/tests/unit/test_github_connector.py::TestCodeFileFilter::test_case_insensitive_filename_whitelist PASSED [ 27%]
backend/tests/unit/test_github_connector.py::TestCodeFileFilter::test_should_reject_node_modules PASSED [ 27%]
backend/tests/unit/test_github_connector.py::TestCodeFileFilter::test_should_reject_pycache PASSED [ 27%]
backend/tests/unit/test_github_connector.py::TestCodeFileFilter::test_should_reject_git_directory PASSED [ 27%]
backend/tests/unit/test_github_connector.py::TestCodeFileFilter::test_should_reject_build_directories PASSED [ 27%]
backend/tests/unit/test_github_connector.py::TestCodeFileFilter::test_should_reject_venv_directories PASSED [ 27%]
backend/tests/unit/test_github_connector.py::TestCodeFileFilter::test_should_reject_cache_directories PASSED [ 27%]
backend/tests/unit/test_github_connector.py::TestCodeFileFilter::test_should_reject_ide_directories PASSED [ 27%]
backend/tests/unit/test_github_connector.py::TestCodeFileFilter::test_should_reject_package_directories PASSED [ 27%]
backend/tests/unit/test_github_connector.py::TestCodeFileFilter::test_should_reject_image_files PASSED [ 27%]
backend/tests/unit/test_github_connector.py::TestCodeFileFilter::test_should_reject_binary_executables PASSED [ 27%]
backend/tests/unit/test_github_connector.py::TestCodeFileFilter::test_should_reject_archive_files PASSED [ 27%]
backend/tests/unit/test_github_connector.py::TestCodeFileFilter::test_should_reject_media_files PASSED [ 27%]
backend/tests/unit/test_github_connector.py::TestCodeFileFilter::test_should_reject_document_files PASSED [ 27%]
backend/tests/unit/test_github_connector.py::TestCodeFileFilter::test_should_reject_font_files PASSED [ 27%]
backend/tests/unit/test_github_connector.py::TestCodeFileFilter::test_should_reject_oversized_files PASSED [ 27%]
backend/tests/unit/test_github_connector.py::TestCodeFileFilter::test_should_accept_normal_sized_files PASSED [ 27%]
backend/tests/unit/test_github_connector.py::TestCodeFileFilter::test_should_accept_when_size_unknown PASSED [ 28%]
backend/tests/unit/test_github_connector.py::TestCodeFileFilter::test_is_path_blacklisted_true PASSED [ 28%]
backend/tests/unit/test_github_connector.py::TestCodeFileFilter::test_is_path_blacklisted_false PASSED [ 28%]
backend/tests/unit/test_github_connector.py::TestCodeFileFilter::test_should_handle_empty_path PASSED [ 28%]
backend/tests/unit/test_github_connector.py::TestCodeFileFilter::test_should_handle_path_with_dots PASSED [ 28%]
backend/tests/unit/test_github_connector.py::TestCodeFileFilter::test_should_handle_deep_paths PASSED [ 28%]
backend/tests/unit/test_github_connector.py::TestParseParentId::test_none_returns_root PASSED [ 28%]
backend/tests/unit/test_github_connector.py::TestParseParentId::test_root_string_returns_root PASSED [ 28%]
backend/tests/unit/test_github_connector.py::TestParseParentId::test_repo_name_returns_repo_root PASSED [ 28%]
backend/tests/unit/test_github_connector.py::TestParseParentId::test_repo_with_path_returns_subfolder PASSED [ 28%]
backend/tests/unit/test_github_connector.py::TestParseParentId::test_repo_with_nested_path_returns_subfolder PASSED [ 28%]
backend/tests/unit/test_github_connector.py::TestParseParentId::test_empty_string_returns_root PASSED [ 28%]
backend/tests/unit/test_github_connector.py::TestParseParentId::test_org_repo_returns_repo_root PASSED [ 28%]
backend/tests/unit/test_github_connector.py::TestParseParentId::test_single_word_returns_root PASSED [ 28%]
backend/tests/unit/test_github_connector.py::TestGitHubRateLimiter::test_initial_state PASSED [ 28%]
backend/tests/unit/test_github_connector.py::TestGitHubRateLimiter::test_reserve_threshold_constant PASSED [ 28%]
backend/tests/unit/test_github_connector.py::TestGitHubRateLimiter::test_update_from_headers_all_values PASSED [ 28%]
backend/tests/unit/test_github_connector.py::TestGitHubRateLimiter::test_update_from_headers_partial_values PASSED [ 28%]
backend/tests/unit/test_github_connector.py::TestGitHubRateLimiter::test_update_from_headers_missing_headers PASSED [ 28%]
backend/tests/unit/test_github_connector.py::TestGitHubRateLimiter::test_update_from_headers_invalid_values PASSED [ 29%]
backend/tests/unit/test_github_connector.py::TestGitHubRateLimiter::test_should_pause_below_threshold PASSED [ 29%]
backend/tests/unit/test_github_connector.py::TestGitHubRateLimiter::test_should_pause_at_threshold PASSED [ 29%]
backend/tests/unit/test_github_connector.py::TestGitHubRateLimiter::test_should_not_pause_above_threshold PASSED [ 29%]
backend/tests/unit/test_github_connector.py::TestGitHubRateLimiter::test_should_not_pause_full_quota PASSED [ 29%]
backend/tests/unit/test_github_connector.py::TestGitHubRateLimiter::test_get_wait_time_no_reset PASSED [ 29%]
backend/tests/unit/test_github_connector.py::TestGitHubRateLimiter::test_get_wait_time_future_reset PASSED [ 29%]
backend/tests/unit/test_github_connector.py::TestGitHubRateLimiter::test_get_wait_time_past_reset PASSED [ 29%]
backend/tests/unit/test_github_connector.py::TestGitHubRateLimiter::test_get_wait_time_imminent_reset PASSED [ 29%]
backend/tests/unit/test_github_connector.py::TestGitHubConnector::test_connector_type PASSED [ 29%]
backend/tests/unit/test_github_connector.py::TestGitHubConnector::test_supports_incremental_sync PASSED [ 29%]
backend/tests/unit/test_github_connector.py::TestGitHubConnector::test_supports_batch_fetch PASSED [ 29%]
backend/tests/unit/test_github_connector.py::TestGitHubConnector::test_filter_and_rate_limiter_initialized PASSED [ 29%]
backend/tests/unit/test_github_connector.py::TestGitHubConnector::test_validate_config_with_access_token_success PASSED [ 29%]
backend/tests/unit/test_github_connector.py::TestGitHubConnector::test_validate_config_with_invalid_token PASSED [ 29%]
backend/tests/unit/test_github_connector.py::TestGitHubConnector::test_validate_config_with_integration_id PASSED [ 29%]
backend/tests/unit/test_github_connector.py::TestGitHubConnector::test_validate_config_with_user_id PASSED [ 29%]
backend/tests/unit/test_github_connector.py::TestGitHubConnector::test_validate_config_empty_config PASSED [ 29%]
backend/tests/unit/test_github_connector.py::TestGitHubConnector::test_validate_config_none PASSED [ 29%]
backend/tests/unit/test_github_connector.py::TestGitHubConnector::test_validate_config_non_dict PASSED [ 30%]
backend/tests/unit/test_github_connector.py::TestGitHubConnector::test_validate_config_network_error_returns_true PASSED [ 30%]
backend/tests/unit/test_github_connector.py::TestGitHubConnector::test_verify_token_success PASSED [ 30%]
backend/tests/unit/test_github_connector.py::TestGitHubConnector::test_verify_token_401_raises_auth_error PASSED [ 30%]
backend/tests/unit/test_github_connector.py::TestGitHubConnector::test_verify_token_403_raises_auth_error PASSED [ 30%]
backend/tests/unit/test_github_connector.py::TestGitHubConnector::test_verify_token_500_raises_transient_error PASSED [ 30%]
backend/tests/unit/test_github_connector.py::TestGitHubConnector::test_verify_token_request_exception PASSED [ 30%]
backend/tests/unit/test_github_connector.py::TestGitHubConnector::test_verify_token_updates_rate_limiter PASSED [ 30%]
backend/tests/unit/test_github_connector.py::TestGitHubConnector::test_get_headers PASSED [ 30%]
backend/tests/unit/test_github_connector.py::TestGitHubConnector::test_get_headers_none_token PASSED [ 30%]
backend/tests/unit/test_github_connector.py::TestGitHubConnector::test_request_success PASSED [ 30%]
backend/tests/unit/test_github_connector.py::TestGitHubConnector::test_request_404_raises_item_not_found PASSED [ 30%]
backend/tests/unit/test_github_connector.py::TestGitHubConnector::test_request_http_error_raises_transient PASSED [ 30%]
backend/tests/unit/test_github_connector.py::TestGitHubConnector::test_request_with_retry_success PASSED [ 30%]
backend/tests/unit/test_github_connector.py::TestGitHubConnector::test_request_with_retry_rate_limit_403 PASSED [ 30%]
backend/tests/unit/test_github_connector.py::TestGitHubConnector::test_request_with_retry_rate_limit_429 PASSED [ 30%]
backend/tests/unit/test_github_connector.py::TestGitHubConnector::test_request_with_retry_rate_limit_max_retries PASSED [ 30%]
backend/tests/unit/test_github_connector.py::TestGitHubConnector::test_request_with_retry_auth_error PASSED [ 30%]
backend/tests/unit/test_github_connector.py::TestGitHubConnector::test_request_with_retry_server_error PASSED [ 30%]
backend/tests/unit/test_github_connector.py::TestGitHubConnector::test_request_with_retry_network_error PASSED [ 31%]
backend/tests/unit/test_github_connector.py::TestGitHubConnector::test_get_available_repositories_success PASSED [ 31%]
backend/tests/unit/test_github_connector.py::TestGitHubConnector::test_get_available_repositories_pagination PASSED [ 31%]
backend/tests/unit/test_github_connector.py::TestGitHubConnector::test_get_available_repositories_empty PASSED [ 31%]
backend/tests/unit/test_github_connector.py::TestGitHubConnector::test_get_available_repositories_error_handling PASSED [ 31%]
backend/tests/unit/test_github_connector.py::TestGitHubConnector::test_get_branch_sha_success PASSED [ 31%]
backend/tests/unit/test_github_connector.py::TestGitHubConnector::test_fetch_tree_not_truncated PASSED [ 31%]
backend/tests/unit/test_github_connector.py::TestGitHubConnector::test_fetch_tree_truncated_fallback PASSED [ 31%]
backend/tests/unit/test_github_connector.py::TestGitHubConnector::test_list_files_no_selected_repos PASSED [ 31%]
backend/tests/unit/test_github_connector.py::TestGitHubConnector::test_list_files_empty_selected_repos PASSED [ 31%]
backend/tests/unit/test_github_connector.py::TestGitHubConnector::test_list_files_repo_disabled PASSED [ 31%]
backend/tests/unit/test_github_connector.py::TestGitHubConnector::test_list_files_root_shows_repos_as_folders PASSED [ 31%]
backend/tests/unit/test_github_connector.py::TestGitHubConnector::test_list_files_inside_repo_shows_contents PASSED [ 31%]
backend/tests/unit/test_github_connector.py::TestGitHubConnector::test_list_files_inside_subfolder PASSED [ 31%]
backend/tests/unit/test_github_connector.py::TestGitHubConnector::test_list_files_disabled_repos_skipped PASSED [ 31%]
backend/tests/unit/test_github_connector.py::TestGitHubConnector::test_list_all_repo_files_flat PASSED [ 31%]
backend/tests/unit/test_github_connector.py::TestGitHubConnector::test_list_all_repo_files_rate_limit_pause PASSED [ 31%]
backend/tests/unit/test_github_connector.py::TestGitHubConnector::test_fetch_file_content_success PASSED [ 31%]
backend/tests/unit/test_github_connector.py::TestGitHubConnector::test_fetch_file_content_invalid_id_format PASSED [ 32%]
backend/tests/unit/test_github_connector.py::TestGitHubConnector::test_fetch_documents_sync_empty_items PASSED [ 32%]
backend/tests/unit/test_github_connector.py::TestGitHubConnector::test_fetch_documents_sync_invalid_id_format PASSED [ 32%]
backend/tests/unit/test_github_connector.py::TestGitHubConnector::test_fetch_documents_sync_success PASSED [ 32%]
backend/tests/unit/test_github_connector.py::TestGitHubConnector::test_fetch_documents_sync_skips_binary PASSED [ 32%]
backend/tests/unit/test_github_connector.py::TestGitHubConnector::test_fetch_documents_sync_handles_not_found PASSED [ 32%]
backend/tests/unit/test_github_connector.py::TestGitHubConnector::test_fetch_documents_sync_handles_errors PASSED [ 32%]
backend/tests/unit/test_github_connector.py::TestGitHubConnector::test_fetch_documents_sync_multiple_items PASSED [ 32%]
backend/tests/unit/test_github_connector.py::TestGitHubConnector::test_resolve_config_with_access_token PASSED [ 32%]
backend/tests/unit/test_github_connector.py::TestGitHubConnector::test_resolve_config_loads_from_integration PASSED [ 32%]
backend/tests/unit/test_github_connector.py::TestGitHubConnector::test_resolve_config_token_refresh_error PASSED [ 32%]
backend/tests/unit/test_github_connector.py::TestGitHubConnector::test_load_integration_by_id PASSED [ 32%]
backend/tests/unit/test_github_connector.py::TestGitHubConnector::test_load_integration_not_found PASSED [ 32%]
backend/tests/unit/test_github_connector.py::TestGitHubConnector::test_load_integration_requires_user_or_integration_id PASSED [ 32%]
backend/tests/unit/test_github_connector.py::TestGitHubConnector::test_is_binary_with_null_byte PASSED [ 32%]
backend/tests/unit/test_github_connector.py::TestGitHubConnector::test_is_binary_without_null_byte PASSED [ 32%]
backend/tests/unit/test_github_connector.py::TestGitHubConnector::test_is_binary_empty_content PASSED [ 32%]
backend/tests/unit/test_github_connector.py::TestGitHubConnector::test_is_binary_large_content PASSED [ 32%]
backend/tests/unit/test_github_connector.py::TestGitHubConnector::test_guess_mime_type_programming_languages PASSED [ 32%]
backend/tests/unit/test_github_connector.py::TestGitHubConnector::test_guess_mime_type_web_files PASSED [ 33%]
backend/tests/unit/test_github_connector.py::TestGitHubConnector::test_guess_mime_type_unknown PASSED [ 33%]
backend/tests/unit/test_github_connector.py::TestGitHubConnector::test_guess_mime_type_none PASSED [ 33%]
backend/tests/unit/test_github_connector.py::TestGitHubConnector::test_guess_mime_type_no_extension PASSED [ 33%]
backend/tests/unit/test_github_connector.py::test_fetch_documents_async PASSED [ 33%]
backend/tests/unit/test_github_connector.py::test_fetch_documents_async_empty PASSED [ 33%]
backend/tests/unit/test_github_connector.py::test_get_github_connector PASSED [ 33%]
backend/tests/unit/test_github_connector.py::test_get_connector_returns_github PASSED [ 33%]
backend/tests/unit/test_github_connector.py::test_github_in_connector_registry PASSED [ 33%]
backend/tests/unit/test_guardrails.py::test_parse_json_response_handles_code_block PASSED [ 33%]
backend/tests/unit/test_guardrails.py::test_parse_json_response_handles_wrapped_json PASSED [ 33%]
backend/tests/unit/test_guardrails.py::test_parse_json_response_handles_non_dict PASSED [ 33%]
backend/tests/unit/test_guardrails.py::test_parse_json_response_handles_invalid_json PASSED [ 33%]
backend/tests/unit/test_guardrails.py::test_analyze_query_returns_result_from_model PASSED [ 33%]
backend/tests/unit/test_guardrails.py::test_analyze_query_fallback_on_error PASSED [ 33%]
backend/tests/unit/test_guardrails.py::test_get_model_falls_back_to_openai PASSED [ 33%]
backend/tests/unit/test_guardrails.py::test_get_model_initializes_guardrail_model PASSED [ 33%]
backend/tests/unit/test_guardrails.py::test_guardrail_result_to_dict PASSED [ 33%]
backend/tests/unit/test_ingest_tasks.py::TestIngestFileTask::test_downloads_from_storage PASSED [ 33%]
backend/tests/unit/test_ingest_tasks.py::TestIngestFileTask::test_uses_rpc_for_insertion PASSED [ 34%]
backend/tests/unit/test_ingest_tasks.py::TestIngestFileTask::test_cleanup_on_success PASSED [ 34%]
backend/tests/unit/test_ingest_tasks.py::TestIngestFileTask::test_cleanup_on_failure PASSED [ 34%]
backend/tests/unit/test_ingest_tasks.py::TestIngestFileTask::test_updates_job_status PASSED [ 34%]
backend/tests/unit/test_ingest_tasks.py::TestIngestFileTask::test_handles_empty_content PASSED [ 34%]
backend/tests/unit/test_ingest_tasks.py::TestIngestFileTask::test_creates_notification PASSED [ 34%]
backend/tests/unit/test_ingest_tasks.py::TestStorageOperations::test_upload_to_staging_bucket PASSED [ 34%]
backend/tests/unit/test_ingest_tasks.py::TestStorageOperations::test_download_from_staging PASSED [ 34%]
backend/tests/unit/test_ingest_tasks.py::TestStorageOperations::test_delete_from_staging PASSED [ 34%]
backend/tests/unit/test_ingest_tasks.py::TestAtomicRPCInsertion::test_rpc_receives_correct_parameters PASSED [ 34%]
backend/tests/unit/test_ingest_tasks.py::TestAtomicRPCInsertion::test_rpc_returns_document_id PASSED [ 34%]
backend/tests/unit/test_ingest_tasks.py::TestAtomicRPCInsertion::test_rpc_handles_large_chunks PASSED [ 34%]
backend/tests/unit/test_ingest_tasks.py::TestRetryBehavior::test_task_has_autoretry PASSED [ 34%]
backend/tests/unit/test_ingest_tasks.py::TestRetryBehavior::test_task_has_retry_backoff PASSED [ 34%]
backend/tests/unit/test_ingest_tasks.py::TestRetryBehavior::test_task_has_max_retries PASSED [ 34%]
backend/tests/unit/test_ingest_tasks.py::TestEmailNotification::test_sends_email_on_completion PASSED [ 34%]
backend/tests/unit/test_ingest_tasks.py::TestEmailNotification::test_respects_email_preference PASSED [ 34%]
backend/tests/unit/test_ingestion_utils.py::test_require_canonical_provider_requires_value PASSED [ 34%]
backend/tests/unit/test_ingestion_utils.py::test_require_canonical_provider_rejects_deprecated PASSED [ 35%]
backend/tests/unit/test_ingestion_utils.py::test_require_canonical_provider_rejects_unsupported PASSED [ 35%]
backend/tests/unit/test_integrations.py::TestGoogleDriveConnector::test_list_provider_items_rejects_deprecated_provider PASSED [ 35%]
backend/tests/unit/test_integrations.py::TestGoogleDriveConnector::test_list_drive_items_returns_files_and_folders PASSED [ 35%]
backend/tests/unit/test_integrations.py::TestGoogleDriveConnector::test_list_drive_items_supports_folder_navigation PASSED [ 35%]
backend/tests/unit/test_integrations.py::TestGoogleDriveConnector::test_list_drive_items_filters_supported_types PASSED [ 35%]
backend/tests/unit/test_integrations.py::TestGoogleDriveConnector::test_recursive_folder_ingestion PASSED [ 35%]
backend/tests/unit/test_integrations.py::TestGoogleDriveConnector::test_recursive_ingestion_respects_depth_limit PASSED [ 35%]
backend/tests/unit/test_integrations.py::TestConnectorDiscovery::test_get_available_connectors_returns_list PASSED [ 35%]
backend/tests/unit/test_integrations.py::TestConnectorDiscovery::test_get_user_integrations_transforms PASSED [ 35%]
backend/tests/unit/test_integrations.py::TestConnectorDiscovery::test_get_available_connectors_handles_error PASSED [ 35%]
backend/tests/unit/test_integrations.py::TestConnectorDiscovery::test_get_user_integrations_handles_error PASSED [ 35%]
backend/tests/unit/test_integrations.py::TestAsyncIngestion::test_ingest_returns_202_accepted PASSED [ 35%]
backend/tests/unit/test_integrations.py::TestAsyncIngestion::test_ingest_returns_task_id PASSED [ 35%]
backend/tests/unit/test_integrations.py::TestAsyncIngestion::test_ingest_queues_celery_task PASSED [ 35%]
backend/tests/unit/test_integrations.py::TestAsyncIngestion::test_ingest_handles_multiple_files PASSED [ 35%]
backend/tests/unit/test_integrations.py::TestAsyncIngestion::test_ingest_unknown_provider_definition_raises PASSED [ 35%]
backend/tests/unit/test_integrations.py::TestAsyncIngestion::test_ingest_non_oauth_requires_credentials PASSED [ 35%]
backend/tests/unit/test_integrations.py::TestAsyncIngestion::test_ingest_non_oauth_uses_credentials PASSED [ 35%]
backend/tests/unit/test_integrations.py::TestOAuthIntegration::test_oauth_stores_encrypted_tokens PASSED [ 36%]
backend/tests/unit/test_integrations.py::TestOAuthIntegration::test_google_oauth_missing_config PASSED [ 36%]
backend/tests/unit/test_integrations.py::TestOAuthIntegration::test_google_oauth_connector_missing PASSED [ 36%]
backend/tests/unit/test_integrations.py::TestOAuthIntegration::test_google_oauth_token_exchange_failure PASSED [ 36%]
backend/tests/unit/test_integrations.py::TestOAuthIntegration::test_google_oauth_upsert_returns_no_data PASSED [ 36%]
backend/tests/unit/test_integrations.py::TestOAuthIntegration::test_oauth_decrypts_tokens_for_use PASSED [ 36%]
backend/tests/unit/test_integrations.py::TestOAuthIntegration::test_oauth_handles_refresh PASSED [ 36%]
backend/tests/unit/test_integrations.py::TestOAuthIntegration::test_notion_oauth_missing_config PASSED [ 36%]
backend/tests/unit/test_integrations.py::TestOAuthIntegration::test_notion_oauth_api_error PASSED [ 36%]
backend/tests/unit/test_integrations.py::TestConnectionStatus::test_status_returns_connected_when_valid_token PASSED [ 36%]
backend/tests/unit/test_integrations.py::TestConnectionStatus::test_status_returns_disconnected_when_no_token PASSED [ 36%]
backend/tests/unit/test_integrations.py::TestConnectionStatus::test_status_returns_disconnected_when_token_expired PASSED [ 36%]
backend/tests/unit/test_integrations.py::TestDataSourceSecurity::test_credentials_isolated_by_user PASSED [ 36%]
backend/tests/unit/test_integrations.py::TestDataSourceSecurity::test_ingested_data_isolated_by_user PASSED [ 36%]
backend/tests/unit/test_integrations.py::TestSyncHistoryEndpoint::test_sync_history_returns_list PASSED [ 36%]
backend/tests/unit/test_integrations.py::TestSyncHistoryEndpoint::test_sync_history_verifies_integration_ownership PASSED [ 36%]
backend/tests/unit/test_integrations.py::TestSyncHistoryEndpoint::test_sync_history_returns_404_for_nonexistent_integration PASSED [ 36%]
backend/tests/unit/test_integrations.py::TestSyncHistoryEndpoint::test_sync_history_filters_by_provider PASSED [ 36%]
backend/tests/unit/test_integrations.py::TestSyncHistoryEndpoint::test_sync_history_orders_by_updated_at_desc PASSED [ 36%]
backend/tests/unit/test_integrations.py::TestSyncHistoryEndpoint::test_sync_history_respects_limit_parameter PASSED [ 37%]
backend/tests/unit/test_integrations.py::TestSyncHistoryEndpoint::test_sync_history_response_includes_provider PASSED [ 37%]
backend/tests/unit/test_integrations.py::TestDisconnectProvider::test_disconnect_provider_unknown PASSED [ 37%]
backend/tests/unit/test_integrations.py::TestDisconnectProvider::test_disconnect_provider_missing_definition_raises PASSED [ 37%]
backend/tests/unit/test_integrations.py::TestDisconnectProvider::test_disconnect_provider_cleans_data PASSED [ 37%]
backend/tests/unit/test_integrations.py::TestSyncIntegration::test_sync_integration_queues_background_task PASSED [ 37%]
backend/tests/unit/test_integrations.py::TestSyncIntegration::test_sync_integration_not_found PASSED [ 37%]
backend/tests/unit/test_integrations.py::TestSyncIntegration::test_sync_integration_job_create_failure PASSED [ 37%]
backend/tests/unit/test_integrations.py::TestRunBackgroundSync::test_run_background_sync_success PASSED [ 37%]
backend/tests/unit/test_integrations.py::TestRunBackgroundSync::test_run_background_sync_no_items_completes PASSED [ 37%]
backend/tests/unit/test_integrations.py::TestListProviderItemsErrors::test_list_provider_items_returns_500_on_error PASSED [ 37%]
backend/tests/unit/test_integrations.py::TestSyncConnectorThreadOffloading::test_sync_generator_connector_uses_threadpool PASSED [ 37%]
backend/tests/unit/test_integrations.py::TestSyncConnectorThreadOffloading::test_async_connector_does_not_use_threadpool PASSED [ 37%]
backend/tests/unit/test_integrations.py::TestSyncConnectorThreadOffloading::test_sync_connector_errors_propagate_correctly PASSED [ 37%]
backend/tests/unit/test_integrations.py::TestCrawlWebErrors::test_crawl_web_blocks_feature PASSED [ 37%]
backend/tests/unit/test_integrations.py::TestCrawlWebErrors::test_crawl_web_invalid_url PASSED [ 37%]
backend/tests/unit/test_integrations.py::TestIngestProviderItemsErrors::test_ingest_provider_web_rejects_multiple_urls PASSED [ 37%]
backend/tests/unit/test_integrations.py::TestIngestProviderItemsErrors::test_ingest_provider_unknown PASSED [ 37%]
backend/tests/unit/test_integrations.py::TestIngestProviderItemsErrors::test_ingest_provider_missing_oauth PASSED [ 38%]
backend/tests/unit/test_integrations.py::TestIntegrationsAdditional::test_google_oauth_expiry_error_fallback PASSED [ 38%]
backend/tests/unit/test_integrations.py::TestIntegrationsAdditional::test_google_oauth_database_error PASSED [ 38%]
backend/tests/unit/test_integrations.py::TestIntegrationsAdditional::test_notion_redirect_missing PASSED [ 38%]
backend/tests/unit/test_integrations.py::TestIntegrationsAdditional::test_notion_token_exchange_exception PASSED [ 38%]
backend/tests/unit/test_integrations.py::TestIntegrationsAdditional::test_notion_upsert_error PASSED [ 38%]
backend/tests/unit/test_integrations.py::TestIntegrationsAdditional::test_notion_auto_ingest_no_items PASSED [ 38%]
backend/tests/unit/test_integrations.py::TestIntegrationsAdditional::test_notion_connector_definition_missing PASSED [ 38%]
backend/tests/unit/test_integrations.py::TestIntegrationsAdditional::test_notion_upsert_returns_no_data PASSED [ 38%]
backend/tests/unit/test_integrations.py::TestIntegrationsAdditional::test_notion_auto_ingest_failure_is_noncritical PASSED [ 38%]
backend/tests/unit/test_integrations.py::TestIntegrationsAdditional::test_get_provider_status_handles_exception PASSED [ 38%]
[...]
backend/tests/unit/test_worker_email.py::TestSettingKeyConsistency::test_worker_uses_correct_setting_key PASSED [ 91%]
backend/tests/unit/test_worker_email.py::TestSettingKeyConsistency::test_setting_key_matches_api_defaults PASSED [ 91%]
backend/tests/unit/test_worker_email.py::TestSettingKeyConsistency::test_email_setting_is_email_category PASSED [ 91%]
backend/tests/unit/test_worker_email.py::TestSettingKeyConsistency::test_email_setting_default_is_enabled PASSED [ 91%]
backend/tests/unit/test_worker_progress.py::TestUpdateJobStatus::test_updates_status_field PASSED [ 91%]
backend/tests/unit/test_worker_progress.py::TestUpdateJobStatus::test_updates_processed_files_when_provided PASSED [ 91%]
backend/tests/unit/test_worker_progress.py::TestUpdateJobStatus::test_updates_error_message_when_provided PASSED [ 91%]
backend/tests/unit/test_worker_progress.py::TestUpdateJobStatus::test_always_updates_updated_at PASSED [ 91%]
backend/tests/unit/test_worker_progress.py::TestUpdateJobStatus::test_filters_by_job_id PASSED [ 91%]
backend/tests/unit/test_worker_progress.py::TestIngestFileTaskProgress::test_sets_status_to_processing_at_start PASSED [ 91%]
backend/tests/unit/test_worker_progress.py::TestIngestFileTaskProgress::test_increments_processed_files_during_loop PASSED [ 91%]
backend/tests/unit/test_worker_progress.py::TestIngestFileTaskProgress::test_sets_status_to_completed_on_success PASSED [ 91%]
backend/tests/unit/test_worker_progress.py::TestIngestFileTaskProgress::test_sets_status_to_failed_on_exception PASSED [ 91%]
backend/tests/unit/test_worker_progress.py::TestIngestFileTaskProgress::test_saves_error_message_on_failure PASSED [ 91%]
backend/tests/unit/test_worker_progress.py::TestIngestFileTaskProgress::test_handles_missing_job_id_gracefully PASSED [ 91%]
backend/tests/unit/test_worker_progress.py::TestIngestFileTaskProgress::test_returns_job_id_in_result PASSED [ 91%]
backend/tests/unit/test_worker_progress.py::TestJobStatusTransitions::test_pending_to_processing PASSED [ 91%]
backend/tests/unit/test_worker_progress.py::TestJobStatusTransitions::test_processing_to_completed PASSED [ 92%]
backend/tests/unit/test_worker_progress.py::TestJobStatusTransitions::test_processing_to_failed PASSED [ 92%]
backend/tests/unit/test_worker_progress.py::TestJobStatusTransitions::test_pending_to_failed PASSED [ 92%]
backend/tests/unit/test_worker_progress.py::TestProgressCalculation::test_zero_percent_at_start PASSED [ 92%]
backend/tests/unit/test_worker_progress.py::TestProgressCalculation::test_fifty_percent_at_halfway PASSED [ 92%]
backend/tests/unit/test_worker_progress.py::TestProgressCalculation::test_hundred_percent_when_complete PASSED [ 92%]
backend/tests/unit/test_worker_progress.py::TestProgressCalculation::test_handles_single_file PASSED [ 92%]
backend/tests/unit/test_worker_progress.py::TestProgressCalculation::test_rounds_to_one_decimal PASSED [ 92%]
backend/tests/unit/test_worker_tasks_additional.py::test_process_document_pipeline_handles_exception PASSED [ 92%]
backend/tests/unit/test_worker_tasks_additional.py::test_handle_task_failure_logs_to_dlq PASSED [ 92%]
backend/tests/unit/test_worker_tasks_additional.py::test_handle_task_failure_handles_errors PASSED [ 92%]
backend/tests/unit/test_worker_tasks_additional.py::test_unified_ingest_task_dispatches_group_for_docs PASSED [ 92%]
backend/tests/unit/test_worker_tasks_additional.py::test_unified_ingest_task_handles_invalid_content PASSED [ 92%]
backend/tests/unit/test_worker_tasks_additional.py::test_process_file_task_skips_empty_pdf PASSED [ 92%]
backend/tests/unit/test_worker_tasks_additional.py::test_process_file_task_reuses_existing_document PASSED [ 92%]
backend/tests/unit/test_worker_tasks_additional.py::test_process_file_task_dispatches_embedding_task PASSED [ 92%]
backend/tests/unit/test_worker_tasks_additional.py::test_process_file_task_handles_exception PASSED [ 92%]
backend/tests/unit/test_worker_tasks_additional.py::test_crawl_discovery_task_sitemap_dispatches PASSED [ 92%]
backend/tests/unit/test_worker_tasks_additional.py::test_crawl_discovery_task_no_pages PASSED [ 92%]
backend/tests/unit/test_worker_tasks_additional.py::test_crawl_discovery_task_recursive_dedup PASSED [ 93%]
backend/tests/unit/test_worker_tasks_crawl.py::TestCrawlStatusUpdates::test_update_crawl_status_sets_completed_at PASSED [ 93%]
backend/tests/unit/test_worker_tasks_crawl.py::TestCrawlStatusUpdates::test_update_crawl_status_handles_errors PASSED [ 93%]
backend/tests/unit/test_worker_tasks_crawl.py::TestRateLimiting::test_check_rate_limit_allows_first_request PASSED [ 93%]
backend/tests/unit/test_worker_tasks_crawl.py::TestRateLimiting::test_check_rate_limit_blocks_when_over_limit PASSED [ 93%]
backend/tests/unit/test_worker_tasks_crawl.py::TestRateLimiting::test_check_rate_limit_allows_on_error PASSED [ 93%]
backend/tests/unit/test_worker_tasks_crawl.py::TestRateLimiting::test_get_domain_rate_limit_key PASSED [ 93%]
backend/tests/unit/test_worker_tasks_crawl.py::TestCrawlDiscoveryTask::test_crawl_discovery_dispatches_page_tasks PASSED [ 93%]
backend/tests/unit/test_worker_tasks_crawl.py::TestCrawlDiscoveryTask::test_crawl_discovery_rejects_invalid_url PASSED [ 93%]
backend/tests/unit/test_worker_tasks_crawl.py::TestCrawlDiscoveryTask::test_crawl_discovery_dedup_adds_raw_url_when_normalize_none PASSED [ 93%]
backend/tests/unit/test_worker_tasks_crawl.py::TestCrawlDiscoveryTask::test_crawl_discovery_dedup_query_failure PASSED [ 93%]
backend/tests/unit/test_worker_tasks_crawl.py::TestProcessPageTask::test_process_page_task_blocks_unsafe_url PASSED [ 93%]
backend/tests/unit/test_worker_tasks_crawl.py::TestProcessPageTask::test_process_page_task_handles_empty_docs PASSED [ 93%]
backend/tests/unit/test_worker_tasks_crawl.py::TestProcessPageTask::test_process_page_task_success PASSED [ 93%]
backend/tests/unit/test_worker_tasks_crawl.py::TestProcessPageTask::test_process_page_task_decodes_bytes_content PASSED [ 93%]
backend/tests/unit/test_worker_tasks_crawl.py::TestFinalizeCrawlTask::test_finalize_crawl_task_no_config PASSED [ 93%]
backend/tests/unit/test_worker_tasks_crawl.py::TestFinalizeCrawlTask::test_finalize_crawl_task_completes_with_counters PASSED [ 93%]
backend/tests/unit/test_worker_tasks_crawl.py::TestScheduledCrawls::test_check_scheduled_crawls_no_due PASSED [ 93%]
backend/tests/unit/test_worker_tasks_crawl.py::TestScheduledCrawls::test_check_scheduled_crawls_triggers PASSED [ 94%]
backend/tests/unit/test_worker_tasks_crawl.py::TestCleanupOldJobs::test_cleanup_old_jobs_success PASSED [ 94%]
backend/tests/unit/test_worker_tasks_helpers.py::test_get_parse_timeout_seconds_pdf_uses_ocr PASSED [ 94%]
backend/tests/unit/test_worker_tasks_helpers.py::test_get_parse_timeout_seconds_text PASSED [ 94%]
backend/tests/unit/test_worker_tasks_helpers.py::test_update_job_progress_updates_table_and_metrics PASSED [ 94%]
backend/tests/unit/test_worker_tasks_helpers.py::test_should_emit_job_progress_update_uses_redis_throttle PASSED [ 94%]
backend/tests/unit/test_worker_tasks_helpers.py::test_update_job_progress_from_counters_calls_update PASSED [ 94%]
backend/tests/unit/test_worker_tasks_helpers.py::test_get_ingestion_counts_from_db PASSED [ 94%]
backend/tests/unit/test_worker_tasks_helpers.py::test_record_ingest_outcome_triggers_finalize PASSED [ 94%]
backend/tests/unit/test_worker_tasks_helpers.py::test_record_crawl_outcome_triggers_finalize PASSED [ 94%]
backend/tests/unit/test_worker_tasks_helpers.py::test_create_file_status_returns_id PASSED [ 94%]
backend/tests/unit/test_worker_tasks_helpers.py::test_update_file_status_caps_progress PASSED [ 94%]
backend/tests/unit/test_worker_tasks_helpers.py::test_check_job_cancelled_true PASSED [ 94%]
backend/tests/unit/test_worker_tasks_helpers.py::test_store_celery_task_id_updates_job PASSED [ 94%]
backend/tests/unit/test_worker_tasks_helpers.py::TestOrgScopeValidation::test_validate_org_scope_valid PASSED [ 94%]
backend/tests/unit/test_worker_tasks_helpers.py::TestOrgScopeValidation::test_validate_org_scope_missing_org_id PASSED [ 94%]
backend/tests/unit/test_worker_tasks_helpers.py::TestOrgScopeValidation::test_validate_org_scope_empty_org_id PASSED [ 94%]
backend/tests/unit/test_worker_tasks_helpers.py::TestOrgScopeValidation::test_validate_org_scope_missing_scope_id PASSED [ 94%]
backend/tests/unit/test_worker_tasks_helpers.py::TestOrgScopeValidation::test_validate_org_scope_empty_scope_id PASSED [ 94%]
backend/tests/unit/test_worker_tasks_helpers.py::TestOrgScopeValidation::test_validate_org_scope_invalid_uuid PASSED [ 95%]
backend/tests/unit/test_worker_tasks_helpers.py::TestOrgScopeValidation::test_validate_org_scope_context_in_error PASSED [ 95%]
backend/tests/unit/test_worker_tasks_helpers.py::TestEnsureScopeIdentityPlaceholder::test_ensure_placeholder_empty_scope_returns_false PASSED [ 95%]
backend/tests/unit/test_worker_tasks_helpers.py::TestEnsureScopeIdentityPlaceholder::test_ensure_placeholder_none_scope_returns_false PASSED [ 95%]
backend/tests/unit/test_worker_tasks_helpers.py::TestEnsureScopeIdentityPlaceholder::test_ensure_placeholder_creates_record PASSED [ 95%]
backend/tests/unit/test_worker_tasks_helpers.py::TestEnsureScopeIdentityPlaceholder::test_ensure_placeholder_handles_upsert_error_with_existing_check PASSED [ 95%]
backend/tests/unit/test_worker_tasks_helpers.py::TestEnsureScopeIdentityPlaceholder::test_ensure_placeholder_invalid_org_id_raises PASSED [ 95%]
backend/tests/unit/test_worker_tasks_imports.py::test_tasks_metrics_import_failure_sets_none PASSED [ 95%]
backend/tests/unit/test_worker_tasks_missing.py::test_collect_documents_sync_requires_sync_fetch PASSED [ 95%]
backend/tests/unit/test_worker_tasks_missing.py::test_collect_documents_sync_rejects_coroutine_function PASSED [ 95%]
backend/tests/unit/test_worker_tasks_missing.py::test_collect_documents_sync_rejects_async_results PASSED [ 95%]
backend/tests/unit/test_worker_tasks_missing.py::test_update_job_status_sets_failed_files PASSED [ 95%]
backend/tests/unit/test_worker_tasks_missing.py::test_update_job_status_handles_error PASSED [ 95%]
backend/tests/unit/test_worker_tasks_missing.py::test_update_job_progress_handles_error PASSED [ 95%]
backend/tests/unit/test_worker_tasks_missing.py::test_should_emit_job_progress_update_branches PASSED [ 95%]
backend/tests/unit/test_worker_tasks_missing.py::test_update_job_progress_from_counters_returns_early PASSED [ 95%]
backend/tests/unit/test_worker_tasks_missing.py::test_record_ingest_outcome_early_returns PASSED [ 95%]
backend/tests/unit/test_worker_tasks_missing.py::test_record_ingest_outcome_handles_total_lookup_failure PASSED [ 95%]
backend/tests/unit/test_worker_tasks_missing.py::test_record_ingest_outcome_loads_total_from_db PASSED [ 95%]
backend/tests/unit/test_worker_tasks_missing.py::test_record_crawl_outcome_early_returns PASSED [ 96%]
backend/tests/unit/test_worker_tasks_missing.py::test_record_crawl_outcome_handles_total_lookup_failure PASSED [ 96%]
backend/tests/unit/test_worker_tasks_missing.py::test_record_crawl_outcome_loads_total_from_db PASSED [ 96%]
backend/tests/unit/test_worker_tasks_missing.py::test_ingest_document_batched_no_chunks PASSED [ 96%]
backend/tests/unit/test_worker_tasks_missing.py::test_ingest_document_batched_insert_error PASSED [ 96%]
backend/tests/unit/test_worker_tasks_missing.py::test_create_file_status_returns_none_on_empty PASSED [ 96%]
backend/tests/unit/test_worker_tasks_missing.py::test_create_file_status_handles_exception PASSED [ 96%]
backend/tests/unit/test_worker_tasks_missing.py::test_update_file_status_no_id PASSED [ 96%]
backend/tests/unit/test_worker_tasks_missing.py::test_update_file_status_handles_error PASSED [ 96%]
backend/tests/unit/test_worker_tasks_missing.py::test_check_job_cancelled_handles_none PASSED [ 96%]
backend/tests/unit/test_worker_tasks_missing.py::test_check_job_cancelled_handles_exception PASSED [ 96%]
backend/tests/unit/test_worker_tasks_missing.py::test_store_celery_task_id_handles_error PASSED [ 96%]
backend/tests/unit/test_worker_tasks_missing.py::test_create_notification_handles_pref_error PASSED [ 96%]
backend/tests/unit/test_worker_tasks_missing.py::test_send_email_notification_handles_profile_variants PASSED [ 96%]
backend/tests/unit/test_worker_tasks_missing.py::test_send_email_notification_handles_auth_error PASSED [ 96%]
backend/tests/unit/test_worker_tasks_missing.py::test_send_email_notification_settings_error PASSED [ 96%]
backend/tests/unit/test_worker_tasks_missing.py::test_send_failure_email_notification_paths PASSED [ 96%]
backend/tests/unit/test_worker_tasks_missing.py::test_send_failure_email_notification_settings_error PASSED [ 96%]
backend/tests/unit/test_worker_tasks_missing.py::test_send_failure_email_notification_disabled PASSED [ 97%]
backend/tests/unit/test_worker_tasks_missing.py::test_send_failure_email_notification_handles_exception PASSED [ 97%]
backend/tests/unit/test_worker_tasks_missing.py::test_sanitize_text_returns_value PASSED [ 97%]
backend/tests/unit/test_worker_tasks_missing.py::test_sanitize_text_returns_empty_value PASSED [ 97%]
backend/tests/unit/test_worker_tasks_missing.py::test_process_document_pipeline_handles_string_content PASSED [ 97%]
backend/tests/unit/test_worker_tasks_missing.py::test_process_document_pipeline_skips_none_embeddings PASSED [ 97%]
backend/tests/unit/test_worker_tasks_missing.py::test_unified_ingest_task_cancelled PASSED [ 97%]
backend/tests/unit/test_worker_tasks_missing.py::test_unified_ingest_task_base64_fallback PASSED [ 97%]
backend/tests/unit/test_worker_tasks_missing.py::test_process_file_task_handles_string_content PASSED [ 97%]
backend/tests/unit/test_worker_tasks_missing.py::test_finalize_job_task_already_completed PASSED [ 97%]
backend/tests/unit/test_worker_tasks_missing.py::test_finalize_job_task_reconciles_counts PASSED [ 97%]
backend/tests/unit/test_worker_tasks_missing.py::test_finalize_job_task_reconciles_mismatch PASSED [ 97%]
backend/tests/unit/test_worker_tasks_missing.py::test_finalize_job_task_missing_counters_uses_db PASSED [ 97%]
backend/tests/unit/test_worker_tasks_missing.py::test_finalize_job_task_all_failed PASSED [ 97%]
backend/tests/unit/test_worker_tasks_missing.py::test_crawl_discovery_task_unsafe_url PASSED [ 97%]
backend/tests/unit/test_worker_tasks_missing.py::test_crawl_discovery_task_sitemap_dedup PASSED [ 97%]
backend/tests/unit/test_worker_tasks_missing.py::test_process_page_task_rate_limit_and_delay PASSED [ 97%]
backend/tests/unit/test_worker_tasks_missing.py::test_process_page_task_no_chunks PASSED [ 97%]
backend/tests/unit/test_worker_tasks_missing.py::test_process_page_task_no_embeddings PASSED [ 97%]
backend/tests/unit/test_worker_tasks_missing.py::test_process_page_task_doc_insert_failed PASSED [ 98%]
backend/tests/unit/test_worker_tasks_missing.py::test_process_page_task_increment_error PASSED [ 98%]
backend/tests/unit/test_worker_tasks_missing.py::test_process_page_task_exception_path PASSED [ 98%]
backend/tests/unit/test_worker_tasks_missing.py::test_finalize_crawl_task_already_completed PASSED [ 98%]
backend/tests/unit/test_worker_tasks_missing.py::test_finalize_crawl_task_not_complete PASSED [ 98%]
backend/tests/unit/test_worker_tasks_missing.py::test_finalize_crawl_task_reconciles PASSED [ 98%]
backend/tests/unit/test_worker_tasks_missing.py::test_check_scheduled_crawls_intervals PASSED [ 98%]
backend/tests/unit/test_worker_tasks_missing.py::test_check_scheduled_crawls_handles_config_error PASSED [ 98%]
backend/tests/unit/test_worker_tasks_missing.py::test_check_scheduled_crawls_handles_error PASSED [ 98%]
backend/tests/unit/test_worker_tasks_missing.py::test_check_rate_limit_increments PASSED [ 98%]
backend/tests/unit/test_worker_tasks_missing.py::test_health_check_task PASSED [ 98%]
backend/tests/unit/test_worker_tasks_missing.py::test_cleanup_old_jobs_handles_error PASSED [ 98%]
backend/tests/unit/test_worker_tasks_pipeline.py::TestProcessDocumentPipeline::test_process_document_pipeline_success PASSED [ 98%]
backend/tests/unit/test_worker_tasks_pipeline.py::TestProcessDocumentPipeline::test_process_document_pipeline_rejects_large_file PASSED [ 98%]
backend/tests/unit/test_worker_tasks_pipeline.py::TestProcessDocumentPipeline::test_process_document_pipeline_parsing_timeout PASSED [ 98%]
backend/tests/unit/test_worker_tasks_pipeline.py::TestProcessDocumentPipeline::test_process_document_pipeline_unsupported_file PASSED [ 98%]
backend/tests/unit/test_worker_tasks_pipeline.py::TestProcessDocumentPipeline::test_process_document_pipeline_empty_chunks PASSED [ 98%]
backend/tests/unit/test_worker_tasks_pipeline.py::TestProcessDocumentPipeline::test_process_document_pipeline_database_failure PASSED [ 98%]
backend/tests/unit/test_worker_tasks_pipeline.py::TestIngestDocumentBatched::test_ingest_document_batched_inserts_batches PASSED [ 98%]
backend/tests/unit/test_worker_tasks_pipeline.py::TestIngestDocumentBatched::test_ingest_document_batched_reuses_existing_document PASSED [ 99%]
backend/tests/unit/test_worker_tasks_pipeline.py::TestIngestDocumentBatched::test_ingest_document_batched_raises_on_missing_document PASSED [ 99%]
backend/tests/unit/test_worker_tasks_pipeline.py::TestHelpers::test_sanitize_text_strips_nulls PASSED [ 99%]
backend/tests/unit/test_worker_tasks_pipeline.py::TestFinalizeJobTask::test_finalize_job_task_skips_missing_job PASSED [ 99%]
backend/tests/unit/test_worker_tasks_pipeline.py::TestFinalizeJobTask::test_finalize_job_task_skips_incomplete_job PASSED [ 99%]
backend/tests/unit/test_worker_tasks_pipeline.py::TestFinalizeJobTask::test_finalize_job_task_updates_status_and_notifies PASSED [ 99%]
backend/tests/unit/test_worker_tasks_pipeline.py::TestTaskFailureHandling::test_handle_task_failure_logs_to_dlq PASSED [ 99%]
backend/tests/unit/test_worker_tasks_pipeline.py::TestProcessFileTask::test_process_file_task_missing_content_fails PASSED [ 99%]
backend/tests/unit/test_worker_tasks_pipeline.py::TestProcessFileTask::test_process_file_task_rejects_large_file PASSED [ 99%]
backend/tests/unit/test_worker_tasks_pipeline.py::TestProcessFileTask::test_process_file_task_dispatches_to_embedding_queue PASSED [ 99%]
backend/tests/unit/test_worker_tasks_pipeline.py::TestProcessFileTask::test_process_file_task_skips_unsupported PASSED [ 99%]
backend/tests/unit/test_worker_tasks_pipeline.py::TestProcessFileTask::test_process_file_task_handles_exception PASSED [ 99%]
backend/tests/unit/test_worker_tasks_pipeline.py::TestProcessFileTask::test_process_file_task_reuses_existing_document PASSED [ 99%]
backend/tests/unit/test_worker_tasks_pipeline.py::TestProcessFileTask::test_process_file_task_removes_staged_upload PASSED [ 99%]
backend/tests/unit/test_worker_tasks_pipeline.py::TestNotificationsAndEmail::test_create_notification_respects_disabled_setting PASSED [ 99%]
backend/tests/unit/test_worker_tasks_pipeline.py::TestNotificationsAndEmail::test_create_notification_includes_action_url PASSED [ 99%]
backend/tests/unit/test_worker_tasks_pipeline.py::TestNotificationsAndEmail::test_send_email_notification_respects_setting PASSED [ 99%]
backend/tests/unit/test_worker_tasks_pipeline.py::TestNotificationsAndEmail::test_send_email_notification_uses_auth_email PASSED [ 99%]
backend/tests/unit/test_worker_tasks_pipeline.py::TestNotificationsAndEmail::test_send_failure_email_notification_sends PASSED [100%]

=============================== warnings summary ===============================
tests/unit/test_parsers.py::test_pdf_processor_falls_back_on_llamaparse_error
  /Users/onronder/axial/backend/services/parsers.py:108: DeprecationWarning: datetime.datetime.utcnow() is deprecated and scheduled for removal in a future version. Use timezone-aware objects to represent datetimes in UTC: datetime.datetime.now(datetime.UTC).
    self._last_failure_time = datetime.utcnow()

-- Docs: https://docs.pytest.org/en/stable/how-to/capture-warnings.html
================= 1871 passed, 2 skipped, 1 warning in 27.54s ==================
